2023-10-08 00:00:54,566 [INFO] Activator:170 - 


2023-10-08 00:00:54,568 [INFO] Activator:171 - !SESSION log4j initialized
2023-10-08 00:01:09,539 [INFO] McuFinderGlobals:39 - Set McuFinder mode to 2 (CubeIDE integrated)
2023-10-08 00:01:10,154 [INFO] ApplicationProperties:181 - Using Application install path: /opt/st/stm32cubeide_1.6.0/plugins/com.st.stm32cube.common.mx_6.2.0.202102191602
2023-10-08 00:01:10,200 [INFO] DbMcusXml:74 - Set database path to: /opt/st/stm32cubeide_1.6.0/plugins/com.st.stm32cube.common.mx_6.2.0.202102191602//db//mcu/
2023-10-08 00:01:10,207 [INFO] DbBoardsPdsc:56 - Set plugin database path to: /opt/st/stm32cubeide_1.6.0/plugins/com.st.stm32cube.common.mx_6.2.0.202102191602//db//plugins/boardmanager/
2023-10-08 00:01:10,207 [INFO] DbMcus:258 - Set plugin images path to: /opt/st/stm32cubeide_1.6.0/plugins/com.st.stm32cube.common.mx_6.2.0.202102191602//db//plugins/mcufinder/images/
2023-10-08 00:01:10,208 [INFO] DbBoards:264 - Set plugin images path to: /opt/st/stm32cubeide_1.6.0/plugins/com.st.stm32cube.common.mx_6.2.0.202102191602//db//plugins/mcufinder/images/
2023-10-08 00:01:10,212 [INFO] DbExamples:333 - Set plugin images path to: /opt/st/stm32cubeide_1.6.0/plugins/com.st.stm32cube.common.mx_6.2.0.202102191602//db//plugins/mcufinder/images/
2023-10-08 00:01:10,270 [INFO] DbMcusAds:85 - Set database path to: /home/kacper/.stmcufinder/plugins/mcufinder//mcu/
2023-10-08 00:01:10,272 [INFO] DbMcusDocs:110 - Set database path to: /home/kacper/.stmcufinder/plugins/mcufinder//mcu/
2023-10-08 00:01:10,277 [INFO] DbMcusJson:65 - Set database path to: /home/kacper/.stmcufinder/plugins/mcufinder//mcu/
2023-10-08 00:01:10,279 [INFO] DbBoardsDocs:110 - Set database path to: /home/kacper/.stmcufinder/plugins/mcufinder//mcu/
2023-10-08 00:01:10,284 [INFO] DbBoardsJson:58 - Set database path to: /home/kacper/.stmcufinder/plugins/mcufinder//mcu/
2023-10-08 00:01:10,290 [INFO] CrossReferenceDbSqlite:196 - Set database path to: /home/kacper/.stmcufinder/plugins/mcufinder//mcu/cs/
2023-10-08 00:01:10,299 [INFO] DbExamplesSqlite:690 - Set database path to: /home/kacper/.stmcufinder/plugins/mcufinder//mcu/
2023-10-08 00:01:10,726 [INFO] RulesReader:52 - Compatibility file has been processed (237 Rules)
2023-10-08 00:01:10,965 [INFO] MicroXplorer:622 - Detected Java Version = 11.0.9.1
2023-10-08 00:01:10,966 [INFO] DbMcusXml:74 - Set database path to: /opt/st/stm32cubeide_1.6.0/plugins/com.st.stm32cube.common.mx_6.2.0.202102191602//db//mcu/
2023-10-08 00:01:10,966 [INFO] DbBoardsPdsc:56 - Set plugin database path to: /opt/st/stm32cubeide_1.6.0/plugins/com.st.stm32cube.common.mx_6.2.0.202102191602//db//plugins/boardmanager/
2023-10-08 00:01:10,967 [INFO] DbMcus:258 - Set plugin images path to: /opt/st/stm32cubeide_1.6.0/plugins/com.st.stm32cube.common.mx_6.2.0.202102191602//db//plugins/mcufinder/images/
2023-10-08 00:01:10,967 [INFO] DbBoards:264 - Set plugin images path to: /opt/st/stm32cubeide_1.6.0/plugins/com.st.stm32cube.common.mx_6.2.0.202102191602//db//plugins/mcufinder/images/
2023-10-08 00:01:10,967 [INFO] DbExamples:333 - Set plugin images path to: /opt/st/stm32cubeide_1.6.0/plugins/com.st.stm32cube.common.mx_6.2.0.202102191602//db//plugins/mcufinder/images/
2023-10-08 00:01:10,967 [WARN] DbFile:35 - Overriding database path with different value: /home/kacper/.stmcufinder/plugins/mcufinder/ => /home/kacper/.stmcufinder/plugins/mcufinder
2023-10-08 00:01:10,967 [INFO] DbMcusAds:85 - Set database path to: /home/kacper/.stmcufinder/plugins/mcufinder//mcu/
2023-10-08 00:01:10,967 [WARN] DbFile:35 - Overriding database path with different value: /home/kacper/.stmcufinder/plugins/mcufinder/ => /home/kacper/.stmcufinder/plugins/mcufinder
2023-10-08 00:01:10,967 [INFO] DbMcusDocs:110 - Set database path to: /home/kacper/.stmcufinder/plugins/mcufinder//mcu/
2023-10-08 00:01:10,967 [WARN] DbFile:35 - Overriding database path with different value: /home/kacper/.stmcufinder/plugins/mcufinder/ => /home/kacper/.stmcufinder/plugins/mcufinder
2023-10-08 00:01:10,968 [INFO] DbMcusJson:65 - Set database path to: /home/kacper/.stmcufinder/plugins/mcufinder//mcu/
2023-10-08 00:01:10,968 [WARN] DbFile:35 - Overriding database path with different value: /home/kacper/.stmcufinder/plugins/mcufinder/ => /home/kacper/.stmcufinder/plugins/mcufinder
2023-10-08 00:01:10,968 [INFO] DbBoardsDocs:110 - Set database path to: /home/kacper/.stmcufinder/plugins/mcufinder//mcu/
2023-10-08 00:01:10,968 [WARN] DbFile:35 - Overriding database path with different value: /home/kacper/.stmcufinder/plugins/mcufinder/ => /home/kacper/.stmcufinder/plugins/mcufinder
2023-10-08 00:01:10,968 [INFO] DbBoardsJson:58 - Set database path to: /home/kacper/.stmcufinder/plugins/mcufinder//mcu/
2023-10-08 00:01:10,968 [WARN] DbFile:35 - Overriding database path with different value: /home/kacper/.stmcufinder/plugins/mcufinder/ => /home/kacper/.stmcufinder/plugins/mcufinder
2023-10-08 00:01:10,968 [WARN] DbFile:35 - Overriding database path with different value: /home/kacper/.stmcufinder/plugins/mcufinder/ => /home/kacper/.stmcufinder/plugins/mcufinder
2023-10-08 00:01:10,968 [INFO] CrossReferenceDbSqlite:196 - Set database path to: /home/kacper/.stmcufinder/plugins/mcufinder//mcu/cs/
2023-10-08 00:01:10,969 [WARN] DbFile:35 - Overriding database path with different value: /home/kacper/.stmcufinder/plugins/mcufinder/ => /home/kacper/.stmcufinder/plugins/mcufinder
2023-10-08 00:01:10,969 [INFO] DbExamplesSqlite:690 - Set database path to: /home/kacper/.stmcufinder/plugins/mcufinder//mcu/
2023-10-08 00:01:11,463 [INFO] MainPanel:204 - HeapMemory: 268435456
2023-10-08 00:01:11,704 [INFO] DbMcusXml:74 - Set database path to: /opt/st/stm32cubeide_1.6.0/plugins/com.st.stm32cube.common.mx_6.2.0.202102191602//db//mcu/
2023-10-08 00:01:11,705 [INFO] DbBoardsPdsc:56 - Set plugin database path to: /opt/st/stm32cubeide_1.6.0/plugins/com.st.stm32cube.common.mx_6.2.0.202102191602//db//plugins/boardmanager/
2023-10-08 00:01:11,705 [INFO] DbMcus:258 - Set plugin images path to: /opt/st/stm32cubeide_1.6.0/plugins/com.st.stm32cube.common.mx_6.2.0.202102191602//db//plugins/mcufinder/images/
2023-10-08 00:01:11,705 [INFO] DbBoards:264 - Set plugin images path to: /opt/st/stm32cubeide_1.6.0/plugins/com.st.stm32cube.common.mx_6.2.0.202102191602//db//plugins/mcufinder/images/
2023-10-08 00:01:11,705 [INFO] DbExamples:333 - Set plugin images path to: /opt/st/stm32cubeide_1.6.0/plugins/com.st.stm32cube.common.mx_6.2.0.202102191602//db//plugins/mcufinder/images/
2023-10-08 00:01:11,715 [WARN] DbFile:35 - Overriding database path with different value: /home/kacper/.stmcufinder/plugins/mcufinder/ => /home/kacper/.stmcufinder/plugins/mcufinder
2023-10-08 00:01:11,715 [INFO] DbMcusAds:85 - Set database path to: /home/kacper/.stmcufinder/plugins/mcufinder//mcu/
2023-10-08 00:01:11,715 [WARN] DbFile:35 - Overriding database path with different value: /home/kacper/.stmcufinder/plugins/mcufinder/ => /home/kacper/.stmcufinder/plugins/mcufinder
2023-10-08 00:01:11,716 [INFO] DbMcusDocs:110 - Set database path to: /home/kacper/.stmcufinder/plugins/mcufinder//mcu/
2023-10-08 00:01:11,716 [WARN] DbFile:35 - Overriding database path with different value: /home/kacper/.stmcufinder/plugins/mcufinder/ => /home/kacper/.stmcufinder/plugins/mcufinder
2023-10-08 00:01:11,716 [INFO] DbMcusJson:65 - Set database path to: /home/kacper/.stmcufinder/plugins/mcufinder//mcu/
2023-10-08 00:01:11,716 [WARN] DbFile:35 - Overriding database path with different value: /home/kacper/.stmcufinder/plugins/mcufinder/ => /home/kacper/.stmcufinder/plugins/mcufinder
2023-10-08 00:01:11,716 [INFO] DbBoardsDocs:110 - Set database path to: /home/kacper/.stmcufinder/plugins/mcufinder//mcu/
2023-10-08 00:01:11,716 [WARN] DbFile:35 - Overriding database path with different value: /home/kacper/.stmcufinder/plugins/mcufinder/ => /home/kacper/.stmcufinder/plugins/mcufinder
2023-10-08 00:01:11,716 [INFO] DbBoardsJson:58 - Set database path to: /home/kacper/.stmcufinder/plugins/mcufinder//mcu/
2023-10-08 00:01:11,717 [WARN] DbFile:35 - Overriding database path with different value: /home/kacper/.stmcufinder/plugins/mcufinder/ => /home/kacper/.stmcufinder/plugins/mcufinder
2023-10-08 00:01:11,717 [WARN] DbFile:35 - Overriding database path with different value: /home/kacper/.stmcufinder/plugins/mcufinder/ => /home/kacper/.stmcufinder/plugins/mcufinder
2023-10-08 00:01:11,717 [INFO] CrossReferenceDbSqlite:196 - Set database path to: /home/kacper/.stmcufinder/plugins/mcufinder//mcu/cs/
2023-10-08 00:01:11,717 [WARN] DbFile:35 - Overriding database path with different value: /home/kacper/.stmcufinder/plugins/mcufinder/ => /home/kacper/.stmcufinder/plugins/mcufinder
2023-10-08 00:01:11,717 [INFO] DbExamplesSqlite:690 - Set database path to: /home/kacper/.stmcufinder/plugins/mcufinder//mcu/
2023-10-08 00:01:11,788 [INFO] ApplicationProperties:181 - Using Application install path: /opt/st/stm32cubeide_1.6.0/plugins/com.st.stm32cube.common.mx_6.2.0.202102191602
2023-10-08 00:01:11,790 [INFO] PluginManage:178 - Search for loadable plugins [exclusion list=, ]
2023-10-08 00:01:11,804 [INFO] PluginManage:292 - Check plugin analytics
2023-10-08 00:01:12,024 [INFO] AnalyticsPlugin:233 - Accepted Software Licenses: 
2023-10-08 00:01:12,025 [INFO] AnalyticsPlugin:235 - Accepted CMSIS Pack Licenses: 
2023-10-08 00:01:12,025 [INFO] AnalyticsPlugin:237 - Accepted Firmware Licenses: 
2023-10-08 00:01:12,026 [INFO] PluginManage:342 - Loaded plugin analytics (category:tool,tabindex:-1)
2023-10-08 00:01:12,026 [INFO] PluginManage:292 - Check plugin clock
2023-10-08 00:01:12,112 [INFO] PluginManage:342 - Loaded plugin clock (category:base,tabindex:2)
2023-10-08 00:01:12,112 [INFO] PluginManage:292 - Check plugin ddr
2023-10-08 00:01:12,141 [INFO] PluginManage:342 - Loaded plugin ddr (category:tool,tabindex:6)
2023-10-08 00:01:12,141 [INFO] PluginManage:292 - Check plugin filemanager
2023-10-08 00:01:12,441 [INFO] PluginManage:342 - Loaded plugin filemanager (category:base,tabindex:10)
2023-10-08 00:01:12,442 [INFO] PluginManage:292 - Check plugin ipmanager
2023-10-08 00:01:12,471 [INFO] PluginManage:342 - Loaded plugin ipmanager (category:base,tabindex:5)
2023-10-08 00:01:12,472 [INFO] PluginManage:292 - Check plugin pinoutandconfiguration
2023-10-08 00:01:12,499 [INFO] PluginManage:342 - Loaded plugin pinoutandconfiguration (category:base,tabindex:1)
2023-10-08 00:01:12,499 [INFO] PluginManage:292 - Check plugin pinoutconfig
2023-10-08 00:01:12,571 [INFO] PluginManage:342 - Loaded plugin pinoutconfig (category:base,tabindex:0)
2023-10-08 00:01:12,571 [INFO] PluginManage:292 - Check plugin power
2023-10-08 00:01:12,618 [INFO] PluginManage:342 - Loaded plugin power (category:power,tabindex:4)
2023-10-08 00:01:12,618 [INFO] PluginManage:292 - Check plugin projectmanager
2023-10-08 00:01:12,642 [INFO] PluginManage:342 - Loaded plugin projectmanager (category:projectmanager,tabindex:3)
2023-10-08 00:01:12,642 [INFO] PluginManage:292 - Check plugin thirdparty
2023-10-08 00:01:12,992 [INFO] PluginManage:342 - Loaded plugin thirdparty (category:base,tabindex:-1)
2023-10-08 00:01:12,992 [INFO] PluginManage:292 - Check plugin tools
2023-10-08 00:01:12,992 [WARN] IntegrityCheckThread:59 - waiting for thirdparty lock release [integrity check]
2023-10-08 00:01:12,993 [INFO] IntegrityCheckThread:61 - entering critical section [integrity check]
2023-10-08 00:01:12,993 [INFO] ThirdPartyUpdaterWithRetryManager:56 - Updater plugin not ready yet. [1/15]
2023-10-08 00:01:13,005 [INFO] PluginManage:342 - Loaded plugin tools (category:base,tabindex:7)
2023-10-08 00:01:13,005 [INFO] PluginManage:292 - Check plugin tutovideos
2023-10-08 00:01:13,311 [INFO] PluginManage:342 - Loaded plugin tutovideos (category:base,tabindex:-1)
2023-10-08 00:01:13,311 [INFO] PluginManage:292 - Check plugin updater
2023-10-08 00:01:13,346 [INFO] PluginManage:342 - Loaded plugin updater (category:base,tabindex:12)
2023-10-08 00:01:13,346 [INFO] PluginManage:265 - PluginManage : Loaded plugins [13]
2023-10-08 00:01:14,070 [INFO] PinOutPanel:1435 - setPackage(No Configuration,No Configuration)
2023-10-08 00:01:14,272 [INFO] IPUIPlugin:64 - create IPUIPlugin
2023-10-08 00:01:14,273 [INFO] PluginManager:203 - loadIPPluginJar : add usart
2023-10-08 00:01:14,290 [INFO] IPUIPlugin:64 - create IPUIPlugin
2023-10-08 00:01:14,291 [INFO] PluginManager:203 - loadIPPluginJar : add ipddr
2023-10-08 00:01:14,293 [INFO] IPUIPlugin:64 - create IPUIPlugin
2023-10-08 00:01:14,293 [INFO] PluginManager:203 - loadIPPluginJar : add comp
2023-10-08 00:01:14,296 [INFO] IPUIPlugin:64 - create IPUIPlugin
2023-10-08 00:01:14,296 [INFO] PluginManager:203 - loadIPPluginJar : add ucpd
2023-10-08 00:01:14,299 [INFO] IPUIPlugin:64 - create IPUIPlugin
2023-10-08 00:01:14,300 [INFO] PluginManager:203 - loadIPPluginJar : add tim
2023-10-08 00:01:14,310 [INFO] IPUIPlugin:64 - create IPUIPlugin
2023-10-08 00:01:14,310 [INFO] PluginManager:203 - loadIPPluginJar : add genericplugin
2023-10-08 00:01:14,315 [INFO] IPUIPlugin:64 - create IPUIPlugin
2023-10-08 00:01:14,316 [INFO] PluginManager:203 - loadIPPluginJar : add i2s
2023-10-08 00:01:14,320 [INFO] IPUIPlugin:64 - create IPUIPlugin
2023-10-08 00:01:14,320 [INFO] PluginManager:203 - loadIPPluginJar : add dfsdm
2023-10-08 00:01:14,322 [INFO] IPUIPlugin:64 - create IPUIPlugin
2023-10-08 00:01:14,323 [INFO] PluginManager:203 - loadIPPluginJar : add fatfs
2023-10-08 00:01:14,326 [INFO] IPUIPlugin:64 - create IPUIPlugin
2023-10-08 00:01:14,326 [INFO] PluginManager:203 - loadIPPluginJar : add hash
2023-10-08 00:01:14,348 [INFO] IPUIPlugin:64 - create IPUIPlugin
2023-10-08 00:01:14,349 [INFO] PluginManager:203 - loadIPPluginJar : add nvic
2023-10-08 00:01:14,352 [INFO] IPUIPlugin:64 - create IPUIPlugin
2023-10-08 00:01:14,353 [INFO] PluginManager:203 - loadIPPluginJar : add tracer_emb
2023-10-08 00:01:14,356 [INFO] IPUIPlugin:64 - create IPUIPlugin
2023-10-08 00:01:14,357 [INFO] PluginManager:203 - loadIPPluginJar : add aes
2023-10-08 00:01:14,370 [INFO] IPUIPlugin:64 - create IPUIPlugin
2023-10-08 00:01:14,370 [INFO] PluginManager:203 - loadIPPluginJar : add gfxmmu
2023-10-08 00:01:14,374 [INFO] IPUIPlugin:64 - create IPUIPlugin
2023-10-08 00:01:14,374 [INFO] PluginManager:203 - loadIPPluginJar : add openamp
2023-10-08 00:01:14,377 [INFO] IPUIPlugin:64 - create IPUIPlugin
2023-10-08 00:01:14,377 [INFO] PluginManager:203 - loadIPPluginJar : add quadspi
2023-10-08 00:01:14,381 [INFO] IPUIPlugin:64 - create IPUIPlugin
2023-10-08 00:01:14,382 [INFO] PluginManager:203 - loadIPPluginJar : add cryp
2023-10-08 00:01:14,384 [INFO] IPUIPlugin:64 - create IPUIPlugin
2023-10-08 00:01:14,385 [INFO] PluginManager:203 - loadIPPluginJar : add ltdc
2023-10-08 00:01:14,390 [INFO] IPUIPlugin:64 - create IPUIPlugin
2023-10-08 00:01:14,390 [INFO] PluginManager:203 - loadIPPluginJar : add i2c
2023-10-08 00:01:14,399 [INFO] IPUIPlugin:64 - create IPUIPlugin
2023-10-08 00:01:14,400 [INFO] PluginManager:203 - loadIPPluginJar : add fmc
2023-10-08 00:01:14,436 [INFO] IPUIPlugin:64 - create IPUIPlugin
2023-10-08 00:01:14,444 [INFO] PluginManager:203 - loadIPPluginJar : add plateformsettings
2023-10-08 00:01:14,449 [INFO] IPUIPlugin:64 - create IPUIPlugin
2023-10-08 00:01:14,449 [INFO] PluginManager:203 - loadIPPluginJar : add lorawan
2023-10-08 00:01:14,473 [INFO] IPUIPlugin:64 - create IPUIPlugin
2023-10-08 00:01:14,474 [INFO] PluginManager:203 - loadIPPluginJar : add resmgrutility
2023-10-08 00:01:14,477 [INFO] IPUIPlugin:64 - create IPUIPlugin
2023-10-08 00:01:14,477 [INFO] PluginManager:203 - loadIPPluginJar : add opamp
2023-10-08 00:01:14,481 [INFO] IPUIPlugin:64 - create IPUIPlugin
2023-10-08 00:01:14,481 [INFO] PluginManager:203 - loadIPPluginJar : add gtzc
2023-10-08 00:01:14,511 [INFO] IPUIPlugin:64 - create IPUIPlugin
2023-10-08 00:01:14,511 [INFO] PluginManager:203 - loadIPPluginJar : add freertos
2023-10-08 00:01:14,516 [INFO] IPUIPlugin:64 - create IPUIPlugin
2023-10-08 00:01:14,516 [INFO] PluginManager:203 - loadIPPluginJar : add sai
2023-10-08 00:01:14,522 [INFO] IPUIPlugin:64 - create IPUIPlugin
2023-10-08 00:01:14,522 [INFO] PluginManager:203 - loadIPPluginJar : add gic
2023-10-08 00:01:14,539 [INFO] IPUIPlugin:64 - create IPUIPlugin
2023-10-08 00:01:14,540 [INFO] PluginManager:203 - loadIPPluginJar : add mdma
2023-10-08 00:01:14,559 [INFO] IPUIPlugin:64 - create IPUIPlugin
2023-10-08 00:01:14,560 [INFO] PluginManager:203 - loadIPPluginJar : add dma
2023-10-08 00:01:14,564 [INFO] IPUIPlugin:64 - create IPUIPlugin
2023-10-08 00:01:14,565 [INFO] PluginManager:203 - loadIPPluginJar : add touchsensing
2023-10-08 00:01:14,567 [INFO] IPUIPlugin:64 - create IPUIPlugin
2023-10-08 00:01:14,568 [INFO] PluginManager:203 - loadIPPluginJar : add tsc
2023-10-08 00:01:14,590 [INFO] IPUIPlugin:64 - create IPUIPlugin
2023-10-08 00:01:14,590 [INFO] PluginManager:203 - loadIPPluginJar : add gpio
2023-10-08 00:01:14,619 [INFO] IPUIPlugin:64 - create IPUIPlugin
2023-10-08 00:01:14,619 [INFO] PluginManager:203 - loadIPPluginJar : add ts
2023-10-08 00:01:14,623 [INFO] IPUIPlugin:64 - create IPUIPlugin
2023-10-08 00:01:14,624 [INFO] PluginManager:203 - loadIPPluginJar : add can
2023-10-08 00:01:14,630 [INFO] IPUIPlugin:64 - create IPUIPlugin
2023-10-08 00:01:14,631 [INFO] PluginManager:203 - loadIPPluginJar : add stm32_wpan
2023-10-08 00:01:14,635 [INFO] IPUIPlugin:64 - create IPUIPlugin
2023-10-08 00:01:14,636 [INFO] PluginManager:203 - loadIPPluginJar : add pdm2pcm
2023-10-08 00:01:14,638 [INFO] IPUIPlugin:64 - create IPUIPlugin
2023-10-08 00:01:14,639 [INFO] PluginManager:203 - loadIPPluginJar : add spi
2023-10-08 00:01:14,645 [INFO] IPUIPlugin:64 - create IPUIPlugin
2023-10-08 00:01:14,645 [INFO] PluginManager:203 - loadIPPluginJar : add adc
2023-10-08 00:01:15,271 [FATAL] Updater:284 - Updater called before beeing initialized
2023-10-08 00:01:15,389 [FATAL] Updater:284 - Updater called before beeing initialized
2023-10-08 00:01:15,404 [INFO] DbMcusAds:132 - JSON generation date=Tue Mar 07 09:50:55 CET 2023 (1678179055114)
2023-10-08 00:01:15,405 [FATAL] Updater:284 - Updater called before beeing initialized
2023-10-08 00:01:15,560 [WARN] DetailPanel:315 - Failed to get advertising image, set to default
2023-10-08 00:01:15,743 [FATAL] Updater:284 - Updater called before beeing initialized
2023-10-08 00:01:15,753 [FATAL] Updater:284 - Updater called before beeing initialized
2023-10-08 00:01:15,753 [FATAL] Updater:284 - Updater called before beeing initialized
2023-10-08 00:01:15,753 [WARN] DetailPanel:315 - Failed to get advertising image, set to default
2023-10-08 00:01:15,755 [FATAL] Updater:284 - Updater called before beeing initialized
2023-10-08 00:01:15,796 [FATAL] Updater:284 - Updater called before beeing initialized
2023-10-08 00:01:15,796 [WARN] ThirdParty:796 - waiting for thirdparty lock release [close project]
2023-10-08 00:01:15,994 [INFO] ThirdPartyUpdaterWithRetryManager:56 - Updater plugin not ready yet. [2/15]
2023-10-08 00:01:18,995 [FATAL] Updater:284 - Updater called before beeing initialized
2023-10-08 00:01:18,996 [ERROR] AbstractThirdPartyUpdaterManager:153 - class java.lang.Integer cannot be cast to class java.util.List (java.lang.Integer and java.util.List are in module java.base of loader 'bootstrap')
2023-10-08 00:01:18,996 [INFO] ThirdParty:900 - Integrity check success = false
2023-10-08 00:01:18,998 [INFO] IntegrityCheckThread:75 - exiting critical section [integrity check]
2023-10-08 00:01:18,998 [INFO] IntegrityCheckThread:78 - End integrity checks thread
2023-10-08 00:01:18,998 [INFO] ThirdParty:798 - entering critical section [close project]
2023-10-08 00:01:19,003 [INFO] ThirdParty:809 - exiting critical section [close project]
2023-10-08 00:01:19,010 [INFO] PinOutPanel:1435 - setPackage(No Configuration,No Configuration)
2023-10-08 00:01:19,010 [FATAL] Updater:284 - Updater called before beeing initialized
2023-10-08 00:01:19,040 [INFO] Updater:1002 - Updater Version found : 6.2.0
2023-10-08 00:01:19,078 [INFO] ApplicationProperties:181 - Using Application install path: /opt/st/stm32cubeide_1.6.0/plugins/com.st.stm32cube.common.mx_6.2.0.202102191602
2023-10-08 00:01:20,051 [INFO] MainUpdater:2661 - connection check result : 10
2023-10-08 00:01:20,053 [INFO] MainUpdater:255 - Updater Check For Update Now.
2023-10-08 00:01:20,053 [INFO] MicroXplorer:472 - Change Database Version : DB.6.0.20
2023-10-08 00:01:20,206 [INFO] CheckServerUpdateThread:102 - End of CheckServer Thread
2023-10-08 00:01:20,280 [INFO] MainUpdater:2661 - connection check result : 10
2023-10-08 00:01:20,882 [INFO] CrossSelectorPresenter:1330 - Cross Selector saved comparison directory: /home/kacper/.stmcufinder/plugins/mcufinder/mcu/cs_comparisons_mx
2023-10-08 00:01:20,891 [INFO] MultiScanPanel:200 - Auto-refresh data requested => check proxy status ongoing
2023-10-08 00:01:20,894 [INFO] FinderPluginLoader:87 - Searching for filters in installed packs
2023-10-08 00:01:20,903 [INFO] DbMcusXml:100 - Load MCU database from /opt/st/stm32cubeide_1.6.0/plugins/com.st.stm32cube.common.mx_6.2.0.202102191602//db//mcu/families.xml
2023-10-08 00:01:22,362 [INFO] DbMcusJson:94 - JSON generation date=Tue Nov 16 17:17:54 CET 2021 (1637079474)
2023-10-08 00:01:23,460 [INFO] DbMcus:175 - Found 1906 MCUs (1866 are supported by CubeMX, 1920 are visible in CubeMX)
2023-10-08 00:01:23,472 [INFO] ApiDb:251 - Load user favorites file /home/kacper/.stm32cubeide/favorites.mcus.txt: 0 item(s)
2023-10-08 00:01:23,472 [INFO] ApiDb:255 - User favorites MCUs=[]
2023-10-08 00:01:23,472 [INFO] DbMcus:187 - Set 0 / 0 favorites MCUs
2023-10-08 00:01:24,022 [WARN] DetailPanel:315 - Failed to get advertising image, set to default
2023-10-08 00:01:24,693 [INFO] DbBoardsPdsc:90 - Found 1 items
2023-10-08 00:01:24,716 [INFO] DbBoardsPdsc:90 - Found 2 items
2023-10-08 00:01:24,738 [INFO] DbBoardsPdsc:90 - Found 46 items
2023-10-08 00:01:24,740 [INFO] DbBoardsPdsc:90 - Found 5 items
2023-10-08 00:01:24,743 [INFO] DbBoardsPdsc:90 - Found 9 items
2023-10-08 00:01:24,755 [INFO] DbBoardsPdsc:90 - Found 33 items
2023-10-08 00:01:24,767 [INFO] DbBoardsPdsc:90 - Found 24 items
2023-10-08 00:01:24,801 [INFO] DbBoardsPdsc:90 - Found 41 items
2023-10-08 00:01:24,806 [WARN] DbBoardsPdsc:254 - Board STM32H7B3I-DK: unknown feature type=Audio, name=, username=Audio stereo codec with Headphone Amp (CS42L51-CNZ), n=1
2023-10-08 00:01:24,807 [WARN] DbBoardsPdsc:254 - Board STM32H735G-DK: unknown feature type=Audio, name=, username=Audio stereo codec with Headphone Amp (WM8994ECS/R), n=1
2023-10-08 00:01:24,807 [WARN] DbBoardsPdsc:254 - Board STM32WB5MM-DK: unknown feature type=, name=, username=Time-of-Flight and gesture-detection sensor, n=1
2023-10-08 00:01:24,807 [WARN] DbBoardsPdsc:254 - Board STM32WB5MM-DK: unknown feature type=, name=, username=3 push-buttons (2 users and 1 reset) and 1 touch key button, n=1
2023-10-08 00:01:24,807 [WARN] DbBoardsPdsc:254 - Board STM32WB5MM-DK: unknown feature type=, name=, username=Flexible power-supply options: ST-LINK/V2-1 USB connector, 5 V delivered by ARDUINO® or external connector, USB charger, or USB power, n=1
2023-10-08 00:01:24,808 [WARN] DbBoardsPdsc:254 - Board STM32WB5MM-DK: unknown feature type=, name=, username=On-board ST-LINK/V2-1 debugger/programmer with USB re-enumeration capability: Virtual COM port and debug port, n=1
2023-10-08 00:01:24,808 [WARN] DbBoardsPdsc:254 - Board STM32WB5MM-DK: unknown feature type=, name=, username=Comprehensive free software libraries and examples available with the STM32CubeWB MCU Package, n=1
2023-10-08 00:01:24,808 [WARN] DbBoardsPdsc:254 - Board STM32WB5MM-DK: unknown feature type=, name=, username=Support of a wide choice of Integrated Development Environments (IDEs) including IAR Embedded Workbench®, MDK-ARM, and STM32CubeIDE, n=1
2023-10-08 00:01:24,809 [WARN] DbBoardsPdsc:254 - Board NUCLEO-WB15CC: unknown feature type=, name=, username=Three user LEDs, n=1
2023-10-08 00:01:24,809 [WARN] DbBoardsPdsc:254 - Board NUCLEO-WB15CC: unknown feature type=, name=, username=One reset and three user push-buttons, n=1
2023-10-08 00:01:24,809 [WARN] DbBoardsPdsc:254 - Board NUCLEO-WB15CC: unknown feature type=, name=, username=Arduino Uno V3 expansion connector, n=1
2023-10-08 00:01:24,809 [WARN] DbBoardsPdsc:254 - Board NUCLEO-WB15CC: unknown feature type=, name=, username=ST morpho extension pin headers for full access to all STM32WB I/Os, n=1
2023-10-08 00:01:24,810 [WARN] DbBoardsPdsc:254 - Board NUCLEO-WB15CC: unknown feature type=, name=, username=Integrated PCB antenna and SMA connector footprint, n=1
2023-10-08 00:01:24,810 [WARN] DbBoardsPdsc:254 - Board NUCLEO-WB15CC: unknown feature type=, name=, username=Flexible power-supply options: ST-LINK, USB VBUS, or external sources, n=1
2023-10-08 00:01:24,810 [WARN] DbBoardsPdsc:254 - Board NUCLEO-WB15CC: unknown feature type=, name=, username=On-board footprint to mount a CR2032 battery socket, n=1
2023-10-08 00:01:24,810 [WARN] DbBoardsPdsc:254 - Board NUCLEO-WB15CC: unknown feature type=, name=, username=On-board ST-LINK/V2-1 debugger/programmer with USB re-enumeration capability: mass storage, Virtual COM port, and debug port, n=1
2023-10-08 00:01:24,810 [WARN] DbBoardsPdsc:254 - Board NUCLEO-WB15CC: unknown feature type=, name=, username=Comprehensive free software libraries and examples available with the STM32CubeWB MCU Package, n=1
2023-10-08 00:01:24,810 [WARN] DbBoardsPdsc:254 - Board NUCLEO-WB15CC: unknown feature type=, name=, username=Support of a wide choice of Integrated Development Environments (IDEs) including IAR Embedded Workbench, MDK-ARM, STM32CubeIDE, and Mbed Studio, n=1
2023-10-08 00:01:24,813 [WARN] DbBoardsPdsc:254 - Board STM32H7B3I-EVAL: unknown feature type=Audio, name=, username=Multi-Channel Audio Codec (CS42L51-CNZ), n=1
2023-10-08 00:01:24,813 [WARN] DbBoardsPdsc:254 - Board STM32H7B3I-EVAL: unknown feature type=Meter, name=, username=Power-metering and Temperature-monitoring with sigma-delta modulators, n=1
2023-10-08 00:01:24,813 [WARN] DbBoardsPdsc:254 - Board STM32H7B3I-EVAL: unknown feature type=Motor, name=, username=Motor Control, n=1
2023-10-08 00:01:24,859 [INFO] DbBoardsJson:87 - JSON generation date=Tue Nov 16 17:17:54 CET 2021 (1637079474)
2023-10-08 00:01:24,867 [INFO] DbBoards:117 - Found 167 boards (158 are supported by CubeMX)
2023-10-08 00:01:24,876 [INFO] DbBoardsDocs:143 - JSON generation date=Tue Nov 16 17:17:54 CET 2021 (1637079474)
2023-10-08 00:01:24,881 [INFO] DbBoardsDocs:79 - Found 209 boards documents
2023-10-08 00:01:24,882 [WARN] DbBoards:127 - board B-L475E-IOT01A2 has no document id list !
2023-10-08 00:01:24,884 [WARN] DbBoards:127 - board NUCLEO-H743ZI has no document id list !
2023-10-08 00:01:24,885 [WARN] DbBoards:127 - board NUCLEO-WL55JC2 has no document id list !
2023-10-08 00:01:24,885 [WARN] DbBoards:127 - board P-NUCLEO-WB55-Nucleo has no document id list !
2023-10-08 00:01:24,885 [WARN] DbBoards:127 - board P-NUCLEO-WB55-USBDongle has no document id list !
2023-10-08 00:01:24,885 [WARN] DbBoards:127 - board STEVAL-BFA001V1B has no document id list !
2023-10-08 00:01:24,885 [WARN] DbBoards:127 - board STEVAL-BFA001V2B has no document id list !
2023-10-08 00:01:24,885 [WARN] DbBoards:127 - board STEVAL-IDP005V1 has no document id list !
2023-10-08 00:01:24,885 [WARN] DbBoards:127 - board STEVAL-IDP005V2 has no document id list !
2023-10-08 00:01:24,885 [WARN] DbBoards:127 - board STEVAL-MKSBOX1V1 has no document id list !
2023-10-08 00:01:24,885 [WARN] DbBoards:127 - board STEVAL-STWINKT1 has no document id list !
2023-10-08 00:01:24,885 [WARN] DbBoards:127 - board STEVAL-STWINKT1B has no document id list !
2023-10-08 00:01:24,885 [WARN] DbBoards:127 - board STM32439I-EVAL2 has no document id list !
2023-10-08 00:01:24,886 [WARN] DbBoards:127 - board STM32F401C-DISCO has no document id list !
2023-10-08 00:01:24,886 [WARN] DbBoards:127 - board STM32F769I-DISC1 has no document id list !
2023-10-08 00:01:24,886 [WARN] DbBoards:127 - board STM32G474E-EVAL1 has no document id list !
2023-10-08 00:01:24,887 [WARN] DbBoards:127 - board STM32H743I-EVAL2 has no document id list !
2023-10-08 00:01:24,887 [WARN] DbBoards:127 - board STM32H747I-DISC1 has no document id list !
2023-10-08 00:01:24,887 [WARN] DbBoards:127 - board STM32H753I-EVAL2 has no document id list !
2023-10-08 00:01:24,887 [WARN] DbBoards:127 - board STM32L-DISCOVERY has no document id list !
2023-10-08 00:01:25,390 [ERROR] DbBoards:189 - Image file not found for board B-U585I-IOT02A: /opt/st/stm32cubeide_1.6.0/plugins/com.st.stm32cube.common.mx_6.2.0.202102191602//db//plugins/mcufinder/images/boards/B-U585I-IOT02A_small.jpg
2023-10-08 00:01:25,505 [ERROR] DbBoards:189 - Image file not found for board NUCLEO-F413ZH: /opt/st/stm32cubeide_1.6.0/plugins/com.st.stm32cube.common.mx_6.2.0.202102191602//db//plugins/mcufinder/images/boards/nucleo-f413zh_small.jpg
2023-10-08 00:01:25,656 [ERROR] DbBoards:189 - Image file not found for board NUCLEO-L552ZE-Q: /opt/st/stm32cubeide_1.6.0/plugins/com.st.stm32cube.common.mx_6.2.0.202102191602//db//plugins/mcufinder/images/boards/nucleo_l552ze_q_small.jpg
2023-10-08 00:01:25,656 [ERROR] DbBoards:189 - Image file not found for board NUCLEO-U575ZI-Q: /opt/st/stm32cubeide_1.6.0/plugins/com.st.stm32cube.common.mx_6.2.0.202102191602//db//plugins/mcufinder/images/boards/nucleo-u575zi-q_small.jpg
2023-10-08 00:01:25,657 [ERROR] DbBoards:189 - Image file not found for board NUCLEO-WB15CC: /opt/st/stm32cubeide_1.6.0/plugins/com.st.stm32cube.common.mx_6.2.0.202102191602//db//plugins/mcufinder/images/boards/nucleo-wb15cc_small.jpg
2023-10-08 00:01:25,657 [ERROR] DbBoards:189 - Image file not found for board NUCLEO-WB55RG: /opt/st/stm32cubeide_1.6.0/plugins/com.st.stm32cube.common.mx_6.2.0.202102191602//db//plugins/mcufinder/images/boards/nucleo-wb55rg_small.jpg
2023-10-08 00:01:27,529 [ERROR] DbBoards:189 - Image file not found for board STM32U575I-EV: /opt/st/stm32cubeide_1.6.0/plugins/com.st.stm32cube.common.mx_6.2.0.202102191602//db//plugins/mcufinder/images/boards/stm32u575i-ev_small.jpg
2023-10-08 00:01:27,652 [INFO] ApiDb:251 - Load user favorites file /home/kacper/.stm32cubeide/favorites.boards.txt: 3 item(s)
2023-10-08 00:01:27,652 [INFO] ApiDb:255 - User favorites Boards=[NUCLEO-G071RB, NUCLEO-L476RG, STM32F411E-DISCO]
2023-10-08 00:01:27,653 [INFO] DbBoards:206 - Set 3 / 3 favorites Boards
2023-10-08 00:01:50,735 [INFO] MultiScanPanel:200 - Auto-refresh data requested => check proxy status ongoing
2023-10-08 00:01:50,814 [WARN] DetailPanel:315 - Failed to get advertising image, set to default
2023-10-08 00:02:11,154 [INFO] BoardResultTable:554 - Unmark Board NUCLEO-L476RG as favorite
2023-10-08 00:02:18,166 [INFO] BoardResultTable:554 - Mark Board NUCLEO-L476RG as favorite
2023-10-08 00:04:42,277 [INFO] MainUpdater:2661 - connection check result : 10
2023-10-08 00:04:42,278 [INFO] MainUpdater:2661 - connection check result : 10
2023-10-08 00:04:42,349 [INFO] MicroXplorer:442 - Change Database Path : 
2023-10-08 00:04:42,349 [INFO] MicroXplorer:472 - Change Database Version : DB.6.0.20
2023-10-08 00:04:42,349 [WARN] ThirdParty:796 - waiting for thirdparty lock release [close project]
2023-10-08 00:04:42,349 [INFO] ThirdParty:798 - entering critical section [close project]
2023-10-08 00:04:42,349 [INFO] ThirdParty:809 - exiting critical section [close project]
2023-10-08 00:04:42,352 [INFO] PinOutPanel:1435 - setPackage(No Configuration,No Configuration)
2023-10-08 00:04:42,352 [INFO] UtilMem:74 - Begin LoadConfig() Used Memory: 574168056 Bytes (591396864)
2023-10-08 00:04:42,353 [INFO] OpenFileManager:303 - Change cursor
2023-10-08 00:04:42,384 [WARN] IntegrityCheckThread:59 - waiting for thirdparty lock release [integrity check]
2023-10-08 00:04:42,384 [INFO] IntegrityCheckThread:61 - entering critical section [integrity check]
2023-10-08 00:04:42,480 [ERROR] Engine:519 - /home/kacper/.stm32cubemx/thirdparties/pdsc/STMicroelectronics.X-CUBE-SMBUS.2.1.0.pdsc: PDSC version is not supported
2023-10-08 00:04:42,603 [WARN] PackLoader:226 - Cannot read IP mode file for STMicroelectronics.X-CUBE-AZRTOS-F7.1.1.0
2023-10-08 00:04:42,623 [ERROR] Engine:519 - /home/kacper/.stm32cubemx/thirdparties/pdsc/STMicroelectronics.FP-SNS-MOTENV1.4.3.2.pdsc: PDSC version is not supported
2023-10-08 00:04:42,636 [ERROR] Engine:519 - /home/kacper/.stm32cubemx/thirdparties/pdsc/STMicroelectronics.FP-SNS-FLIGHT1.5.0.2.pdsc: PDSC version is not supported
2023-10-08 00:04:42,643 [ERROR] Engine:519 - /home/kacper/.stm32cubemx/thirdparties/pdsc/STMicroelectronics.X-CUBE-DISPLAY.3.0.0.pdsc: PDSC version is not supported
2023-10-08 00:04:42,665 [WARN] PackLoader:226 - Cannot read IP mode file for STMicroelectronics.X-CUBE-BLE1.7.0.0
2023-10-08 00:04:42,673 [ERROR] Engine:519 - /home/kacper/.stm32cubemx/thirdparties/pdsc/emotas.I-CUBE-CANOPEN.1.3.0.pdsc: PDSC version is not supported
2023-10-08 00:04:42,681 [WARN] PackLoader:226 - Cannot read IP mode file for STMicroelectronics.X-CUBE-TOUCHGFX.4.22.0
2023-10-08 00:04:42,705 [WARN] PackLoader:226 - Cannot read IP mode file for STMicroelectronics.X-CUBE-TOUCHGFX.4.22.1
2023-10-08 00:04:42,720 [ERROR] Engine:519 - /home/kacper/.stm32cubemx/thirdparties/pdsc/STMicroelectronics.FP-SNS-SMARTAG2.1.2.0.pdsc: PDSC version is not supported
2023-10-08 00:04:42,744 [INFO] LogOutputStream:76 - [STDOUT_REDIRECT] 1 : Invalid condition id : UX_CORESTACK_Condition cause : null
2023-10-08 00:04:42,746 [INFO] LogOutputStream:76 - [STDOUT_REDIRECT] 1 : Invalid condition id : UX_CORESTACK_Condition cause : null
2023-10-08 00:04:42,747 [INFO] LogOutputStream:76 - [STDOUT_REDIRECT] 1 : Invalid condition id : UX_CORESTACK_Condition cause : null
2023-10-08 00:04:42,748 [INFO] LogOutputStream:76 - [STDOUT_REDIRECT] 1 : Invalid condition id : UX_CORESTACK_Condition cause : null
2023-10-08 00:04:42,748 [INFO] LogOutputStream:76 - [STDOUT_REDIRECT] 1 : Invalid condition id : UX_CORESTACK_Condition cause : null
2023-10-08 00:04:42,758 [WARN] PackLoader:226 - Cannot read IP mode file for STMicroelectronics.X-CUBE-AZRTOS-WL.2.0.0
2023-10-08 00:04:42,796 [WARN] PackLoader:226 - Cannot read IP mode file for WES.I-CUBE-Cesium.1.3.0
2023-10-08 00:04:42,802 [WARN] PackLoader:226 - Cannot read IP mode file for STMicroelectronics.X-CUBE-BLE2.3.3.0
2023-10-08 00:04:42,811 [WARN] PackLoader:226 - Cannot read IP mode file for STMicroelectronics.X-CUBE-ALGOBUILD.1.3.0
2023-10-08 00:04:42,849 [WARN] PackLoader:226 - Cannot read IP mode file for STMicroelectronics.X-CUBE-AZRTOS-G0.1.1.0
2023-10-08 00:04:42,861 [WARN] PackLoader:226 - Cannot read IP mode file for STMicroelectronics.X-CUBE-NFC4.3.0.0
2023-10-08 00:04:42,868 [WARN] PackLoader:226 - Cannot read IP mode file for STMicroelectronics.FP-ATR-SIGFOX1.3.2.0
2023-10-08 00:04:42,939 [WARN] PackLoader:226 - Cannot read IP mode file for SEGGER.I-CUBE-embOS.1.3.1
2023-10-08 00:04:43,014 [WARN] PackLoader:226 - Cannot read IP mode file for STMicroelectronics.X-CUBE-GNSS1.6.0.0
2023-10-08 00:04:43,048 [WARN] PackLoader:226 - Cannot read IP mode file for STMicroelectronics.X-CUBE-AZRTOS-F4.1.1.0
2023-10-08 00:04:43,065 [WARN] PackLoader:226 - Cannot read IP mode file for wolfSSL.I-CUBE-wolfSSL.5.6.3
2023-10-08 00:04:43,092 [WARN] PackLoader:226 - Cannot read IP mode file for STMicroelectronics.X-CUBE-AZRTOS-L5.2.0.0
2023-10-08 00:04:43,164 [WARN] PackLoader:226 - Cannot read IP mode file for STMicroelectronics.X-CUBE-MEMS1.9.6.0
2023-10-08 00:04:43,455 [ERROR] Engine:519 - /home/kacper/.stm32cubemx/thirdparties/pdsc/ITTIA_DB.I-CUBE-ITTIADB.8.8.0.pdsc: PDSC version is not supported
2023-10-08 00:04:43,493 [WARN] PackLoader:226 - Cannot read IP mode file for STMicroelectronics.X-CUBE-BLEMGR.2.0.0
2023-10-08 00:04:43,514 [WARN] ConditionMgr:437 - getConditionDescription Invalid condition id : UX DEVICE CLASS RTOS Condition cause : null
2023-10-08 00:04:43,516 [WARN] ConditionMgr:437 - getConditionDescription Invalid condition id : UX DEVICE CLASS RTOS Condition cause : null
2023-10-08 00:04:43,522 [WARN] PackLoader:226 - Cannot read IP mode file for STMicroelectronics.X-CUBE-AZRTOS-H7.3.1.0
2023-10-08 00:04:43,523 [WARN] ConditionMgr:1040 - genDependencies : Invalid condition id : UX DEVICE CLASS RTOS Condition cause : null
2023-10-08 00:04:43,524 [WARN] ConditionMgr:1040 - genDependencies : Invalid condition id : UX DEVICE CLASS RTOS Condition cause : null
2023-10-08 00:04:43,525 [WARN] ConditionMgr:1040 - genDependencies : Invalid condition id : UX DEVICE CLASS RTOS Condition cause : null
2023-10-08 00:04:43,526 [WARN] ConditionMgr:1040 - genDependencies : Invalid condition id : UX DEVICE CLASS RTOS Condition cause : null
2023-10-08 00:04:43,526 [WARN] ConditionMgr:1040 - genDependencies : Invalid condition id : UX DEVICE CLASS RTOS Condition cause : null
2023-10-08 00:04:43,532 [WARN] PackLoader:226 - Cannot read IP mode file for STMicroelectronics.X-CUBE-NFC7.1.0.1
2023-10-08 00:04:43,541 [WARN] PackLoader:226 - Cannot read IP mode file for STMicroelectronics.X-CUBE-NFC6.3.0.0
2023-10-08 00:04:43,569 [WARN] PackLoader:226 - Cannot read IP mode file for STMicroelectronics.X-CUBE-EEPRMA1.4.1.0
2023-10-08 00:04:43,586 [WARN] PackLoader:226 - Cannot read IP mode file for STMicroelectronics.X-CUBE-AI.8.1.0
2023-10-08 00:04:43,609 [WARN] ConditionMgr:437 - getConditionDescription Invalid condition id : LAN8742 Phy interface Condition cause : null
2023-10-08 00:04:43,610 [WARN] PackLoader:226 - Cannot read IP mode file for STMicroelectronics.X-CUBE-AZRTOS-L4.2.0.0
2023-10-08 00:04:43,611 [WARN] ConditionMgr:1040 - genDependencies : Invalid condition id : LAN8742 Phy interface Condition cause : null
2023-10-08 00:04:43,612 [WARN] ConditionMgr:1040 - genDependencies : Invalid condition id : LAN8742 Phy interface Condition cause : null
2023-10-08 00:04:43,612 [WARN] ConditionMgr:1040 - genDependencies : Invalid condition id : LAN8742 Phy interface Condition cause : null
2023-10-08 00:04:43,618 [WARN] PackLoader:226 - Cannot read IP mode file for STMicroelectronics.X-CUBE-SFXS2LP1.4.0.0
2023-10-08 00:04:43,627 [WARN] PackLoader:226 - Cannot read IP mode file for STMicroelectronics.X-CUBE-ISPU.1.1.0
2023-10-08 00:04:43,653 [WARN] ConditionMgr:437 - getConditionDescription Invalid condition id : UX DEVICE CLASS RTOS Condition cause : null
2023-10-08 00:04:43,654 [WARN] ConditionMgr:437 - getConditionDescription Invalid condition id : UX DEVICE CLASS RTOS Condition cause : null
2023-10-08 00:04:43,656 [WARN] PackLoader:226 - Cannot read IP mode file for STMicroelectronics.X-CUBE-AZRTOS-WB.2.0.0
2023-10-08 00:04:43,656 [WARN] ConditionMgr:1040 - genDependencies : Invalid condition id : UX DEVICE CLASS RTOS Condition cause : null
2023-10-08 00:04:43,657 [WARN] ConditionMgr:1040 - genDependencies : Invalid condition id : UX DEVICE CLASS RTOS Condition cause : null
2023-10-08 00:04:43,657 [WARN] ConditionMgr:1040 - genDependencies : Invalid condition id : UX DEVICE CLASS RTOS Condition cause : null
2023-10-08 00:04:43,658 [WARN] ConditionMgr:1040 - genDependencies : Invalid condition id : UX DEVICE CLASS RTOS Condition cause : null
2023-10-08 00:04:43,658 [WARN] ConditionMgr:1040 - genDependencies : Invalid condition id : UX DEVICE CLASS RTOS Condition cause : null
2023-10-08 00:04:43,673 [WARN] PackLoader:226 - Cannot read IP mode file for STMicroelectronics.X-CUBE-SUBG2.5.0.0
2023-10-08 00:04:43,684 [ERROR] Engine:519 - /home/kacper/.stm32cubemx/thirdparties/pdsc/STMicroelectronics.X-CUBE-TOF1.3.3.1.pdsc: PDSC version is not supported
2023-10-08 00:04:43,717 [WARN] PackLoader:226 - Cannot read IP mode file for STMicroelectronics.X-CUBE-AZRTOS-G4.2.0.0
2023-10-08 00:04:43,722 [ERROR] Engine:519 - /home/kacper/.stm32cubemx/thirdparties/pdsc/STMicroelectronics.X-CUBE-FREERTOS.1.1.0.pdsc: PDSC version is not supported
2023-10-08 00:04:43,725 [WARN] PackLoader:226 - Cannot read IP mode file for portGmbH.I-Cube-SoM-uGOAL.1.1.0
2023-10-08 00:04:43,727 [WARN] PackLoader:226 - Cannot read IP mode file for STMicroelectronics.X-CUBE-ALS.1.0.1
2023-10-08 00:04:43,730 [WARN] PackLoader:226 - Cannot read IP mode file for STMicroelectronics.FP-ATR-ASTRA1.2.0.0
2023-10-08 00:04:43,731 [INFO] ThirdParty:900 - Integrity check success = true
2023-10-08 00:04:43,731 [INFO] IntegrityCheckThread:75 - exiting critical section [integrity check]
2023-10-08 00:04:43,731 [INFO] IntegrityCheckThread:78 - End integrity checks thread
2023-10-08 00:04:46,377 [INFO] Context:587 - Trying to add GPIOservice into a context  which must be forbidden
2023-10-08 00:04:47,211 [INFO] Rule:214 - rule Rename Enabled to IBEACON is applicable
2023-10-08 00:04:47,211 [INFO] Rule:214 - rule GTZC_S instance for project manager is applicable
2023-10-08 00:04:47,211 [INFO] Rule:214 - rule GTZC_S instance for context M0+ is applicable
2023-10-08 00:04:47,211 [INFO] Rule:214 - rule GTZC_NS instance for context M4 is applicable
2023-10-08 00:04:47,212 [INFO] Rule:214 - rule GTZC_S instance value for IP GTZC is applicable
2023-10-08 00:04:47,212 [INFO] Rule:214 - rule GTZC_S instance for mcu.IP is applicable
2023-10-08 00:04:47,212 [INFO] Rule:214 - rule GTZC_S instance for mcu.Pin is applicable
2023-10-08 00:04:47,212 [INFO] Rule:214 - rule GTZC_S instance for VP is applicable
2023-10-08 00:04:47,212 [INFO] Rule:214 - rule GTZC_S instance for signal is applicable
2023-10-08 00:04:47,212 [INFO] Rule:214 - rule GTZC_S instance for mcu is applicable
2023-10-08 00:04:47,212 [INFO] Rule:214 - rule GTZC_S instance for mcu.Pin is applicable
2023-10-08 00:04:47,212 [INFO] Rule:214 - rule GTZC_S instance value for IP GTZC is applicable
2023-10-08 00:04:47,212 [INFO] Rule:214 - rule GTZC_S instance for project manager is applicable
2023-10-08 00:04:47,212 [INFO] Rule:214 - rule GTZC_S instance for context M33S is applicable
2023-10-08 00:04:47,212 [INFO] Rule:214 - rule GTZC_S instance for VP is applicable
2023-10-08 00:04:47,213 [INFO] Rule:214 - rule GTZC_S instance for signal is applicable
2023-10-08 00:04:47,213 [INFO] Rule:214 - rule SPDIFRX instance for mcu is applicable
2023-10-08 00:04:47,213 [INFO] Rule:214 - rule Rename Tracer Mode is applicable
2023-10-08 00:04:47,213 [INFO] Rule:214 - rule SPDIFRX instance value for IP SPDIFRX is applicable
2023-10-08 00:04:47,214 [INFO] Rule:214 - rule SPDIFRX instance for signal is applicable
2023-10-08 00:04:47,214 [INFO] Rule:214 - rule SPDIFRX instance for project manager is applicable
2023-10-08 00:04:47,214 [INFO] Rule:214 - rule SPDIFRX instance for project manager is applicable
2023-10-08 00:04:47,214 [INFO] Rule:214 - rule ADC Scan  fix with FW F7 is applicable
2023-10-08 00:04:47,214 [INFO] Rule:214 - rule ADC Scan  fix with FW F7 is applicable
2023-10-08 00:04:47,215 [INFO] Rule:214 - rule Add RTC Activate Clock Source is applicable
2023-10-08 00:04:47,215 [INFO] Rule:214 - rule Add RTC Activate Calendar 1 is applicable
2023-10-08 00:04:47,215 [INFO] Rule:214 - rule Add RTC Activate Calendar 2 is applicable
2023-10-08 00:04:47,215 [INFO] Rule:214 - rule Add RTC Activate Calendar 3 is applicable
2023-10-08 00:04:47,216 [INFO] Rule:214 - rule UART/USART TX Mode is applicable
2023-10-08 00:04:47,216 [INFO] Rule:214 - rule UART/USART RX Mode is applicable
2023-10-08 00:04:47,216 [INFO] Rule:214 - rule UART/USART RX TX Mode is applicable
2023-10-08 00:04:47,216 [INFO] Rule:214 - rule UART/USART PARITY NONE is applicable
2023-10-08 00:04:47,216 [INFO] Rule:214 - rule UART/USART PARITY EVEN is applicable
2023-10-08 00:04:47,216 [INFO] Rule:214 - rule UART/USART PARITY ODD is applicable
2023-10-08 00:04:47,217 [INFO] Rule:214 - rule USART StopBits 1 is applicable
2023-10-08 00:04:47,217 [INFO] Rule:214 - rule USART StopBits 2 is applicable
2023-10-08 00:04:47,217 [INFO] Rule:214 - rule USART StopBits 1.5 is applicable
2023-10-08 00:04:47,217 [INFO] Rule:214 - rule USART StopBits 0.5 is applicable
2023-10-08 00:04:47,218 [INFO] Rule:214 - rule UART/USART WORD LENGTH 7 is applicable
2023-10-08 00:04:47,218 [INFO] Rule:214 - rule UART/USART WORD LENGTH 8 is applicable
2023-10-08 00:04:47,218 [INFO] Rule:214 - rule UART/USART WORD LENGTH 9 is applicable
2023-10-08 00:04:47,218 [INFO] Rule:214 - rule Rename FMC NAND NCE signal is applicable
2023-10-08 00:04:47,218 [INFO] Rule:214 - rule Rename FMC NAND INT signal is applicable
2023-10-08 00:04:47,219 [INFO] Rule:214 - rule Change Default Value for ADC ExternalTrigConv L4 family is applicable
2023-10-08 00:04:47,219 [INFO] Rule:214 - rule Change Default Value for ADC ExternalTrigInjecConv L4 family is applicable
2023-10-08 00:04:47,219 [INFO] Rule:214 - rule Change Default Value for ADC ExternalTrigConv F3 family is applicable
2023-10-08 00:04:47,219 [INFO] Rule:214 - rule Change Default Value for ADC ExternalTrigInjecConv F3 family is applicable
2023-10-08 00:04:47,220 [INFO] Rule:214 - rule Change Default Value for ADC ExternalTrigConv Goldfish serie is applicable
2023-10-08 00:04:47,220 [INFO] Rule:214 - rule Change Default Value for ADC ExternalTrigInjecConv Goldfish serie is applicable
2023-10-08 00:04:47,220 [INFO] Rule:214 - rule Change Default Value for ADC ExternalTrigConv L0 family is applicable
2023-10-08 00:04:47,220 [INFO] Rule:214 - rule Change Default Value for ADC ExternalTrigConv F0 family is applicable
2023-10-08 00:04:47,220 [INFO] Rule:214 - rule Change Default Value for ADC ExternalTrigConvn L1 family is applicable
2023-10-08 00:04:47,221 [INFO] Rule:214 - rule Change Default Value for ADC ExternalTrigInjecConv L1 family is applicable
2023-10-08 00:04:47,221 [INFO] Rule:214 - rule Change Default Value for ADC ExternalTrigConv F1 family is applicable
2023-10-08 00:04:47,221 [INFO] Rule:214 - rule Change Default Value for ADC ExternalTrigInjecConv F1 family is applicable
2023-10-08 00:04:47,221 [INFO] Rule:214 - rule Change Default Value for ADC ExternalTrigConv F7 family is applicable
2023-10-08 00:04:47,221 [INFO] Rule:214 - rule Change Default Value for ADC ExternalTrigInjecConv F7 family is applicable
2023-10-08 00:04:47,222 [INFO] Rule:214 - rule Change Default Value for ADC ExternalTrigConv F4 and F2 family is applicable
2023-10-08 00:04:47,222 [INFO] Rule:214 - rule Change Default Value for ADC ExternalTrigInjecConv F4 and F2 family is applicable
2023-10-08 00:04:47,222 [INFO] Rule:214 - rule ADC SamplingTime fix with FW L0  is applicable
2023-10-08 00:04:47,222 [INFO] Rule:214 - rule ADC SamplingTime fix with FW L0  is applicable
2023-10-08 00:04:47,222 [INFO] Rule:214 - rule ADC SamplingTime fix with FW L0 is applicable
2023-10-08 00:04:47,222 [INFO] Rule:214 - rule ADC SamplingTime fix with FW L0 is applicable
2023-10-08 00:04:47,222 [INFO] Rule:214 - rule ADC SamplingTime fix with FW L0  is applicable
2023-10-08 00:04:47,222 [INFO] Rule:214 - rule ADC SamplingTime fix with FW L0 is applicable
2023-10-08 00:04:47,223 [INFO] Rule:214 - rule Rename USB_OE Signal is applicable
2023-10-08 00:04:47,223 [INFO] Rule:214 - rule Rename Activate_OE Mode is applicable
2023-10-08 00:04:47,223 [INFO] Rule:214 - rule Rename DIE462/DIE415 pin PC14/OSC32_IN -> PC14-OSC32_IN (PC14) is applicable
2023-10-08 00:04:47,223 [INFO] Rule:214 - rule Rename DIE462/DIE415 pin PC15/OSC32_OUT -> PC15-OSC32_OUT (PC15) is applicable
2023-10-08 00:04:47,223 [INFO] Rule:214 - rule Rename DIE462/DIE415 pin PH0/OSC_IN -> PH0-OSC_IN (PH0) is applicable
2023-10-08 00:04:47,223 [INFO] Rule:214 - rule Rename DIE462/DIE415 pin PH1/OSC_OUT -> PH1-OSC_OUT (PH1) is applicable
2023-10-08 00:04:47,223 [INFO] Rule:214 - rule Rename DIE462 pin PA13 -> PA13 (JTMS/SWDIO) is applicable
2023-10-08 00:04:47,223 [INFO] Rule:214 - rule Rename DIE415 pin PA13 -> PA13 (JTMS/SWDIO) is applicable
2023-10-08 00:04:47,223 [INFO] Rule:214 - rule Rename DIE462 pin PA14 -> PA14 (JTCK/SWCLK) is applicable
2023-10-08 00:04:47,223 [INFO] Rule:214 - rule Rename DIE415 pin PA14 -> PA14 (JTCK/SWCLK) is applicable
2023-10-08 00:04:47,224 [INFO] Rule:214 - rule Rename DIE462/DIE415 pin PA15 -> PA15 (JTDI) is applicable
2023-10-08 00:04:47,224 [INFO] Rule:214 - rule Rename DIE462 pin PB3 -> PB3 (JTD0/TRACESWO) is applicable
2023-10-08 00:04:47,224 [INFO] Rule:214 - rule Rename DIE415 pin PB3 -> PB3 (JTD0-TRACESWO) is applicable
2023-10-08 00:04:47,224 [INFO] Rule:214 - rule Rename DIE462/DIE415 pin PB4 -> PB4 (NJTRST) is applicable
2023-10-08 00:04:47,224 [INFO] Rule:214 - rule Rename DIE462 pin PH3/BOOT0 -> PH3-BOOT0 (BOOT0) is applicable
2023-10-08 00:04:47,224 [INFO] Rule:214 - rule Rename CRYP DataEncryptionTypesList to Algorithm is applicable
2023-10-08 00:04:47,224 [INFO] Rule:214 - rule Rename AES DataEncryptionTypesList to Algorithm is applicable
2023-10-08 00:04:47,224 [INFO] Rule:214 - rule Rename TDESECB to CRYP_TDES_ECB is applicable
2023-10-08 00:04:47,224 [INFO] Rule:214 - rule Rename TDESCBC to CRYP_TDES_CBC is applicable
2023-10-08 00:04:47,224 [INFO] Rule:214 - rule Rename DESECB to CRYP_DES_ECB is applicable
2023-10-08 00:04:47,224 [INFO] Rule:214 - rule Rename DESCBC to CRYP_DES_CBC is applicable
2023-10-08 00:04:47,225 [INFO] Rule:214 - rule Rename AESECB to CRYP_AES_ECB is applicable
2023-10-08 00:04:47,225 [INFO] Rule:214 - rule Rename AESCBC to CRYP_AES_CBC is applicable
2023-10-08 00:04:47,225 [INFO] Rule:214 - rule Rename AESCTR to CRYP_AES_CTR is applicable
2023-10-08 00:04:47,225 [INFO] Rule:214 - rule Rename AESGCM to CRYP_AES_GCM is applicable
2023-10-08 00:04:47,225 [INFO] Rule:214 - rule Rename AESCCM to CRYP_AES_CCM is applicable
2023-10-08 00:04:47,225 [INFO] Rule:214 - rule Rename CAN TimeSeg1 to BS1 is applicable
2023-10-08 00:04:47,225 [INFO] Rule:214 - rule Rename CAN TimeSeg2 to BS2 is applicable
2023-10-08 00:04:47,225 [INFO] Rule:214 - rule Rename CAN SyncJumpWidth to SJW is applicable
2023-10-08 00:04:47,225 [INFO] Rule:214 - rule TimeTriggeredMode to TTCM is applicable
2023-10-08 00:04:47,226 [INFO] Rule:214 - rule Rename CAN AutoBusOff to ABOM is applicable
2023-10-08 00:04:47,226 [INFO] Rule:214 - rule Rename CAN AutoWakeUp to AWUM is applicable
2023-10-08 00:04:47,226 [INFO] Rule:214 - rule Rename CAN AutoRetransmission to NART is applicable
2023-10-08 00:04:47,226 [INFO] Rule:214 - rule Rename CAN ReceiveFifoLocked to RFLM is applicable
2023-10-08 00:04:47,226 [INFO] Rule:214 - rule Rename CAN TransmitFifoPriority to TXFP is applicable
2023-10-08 00:04:47,226 [INFO] Rule:214 - rule Rename HRTIMER HRTIM_OUTPUTFAULTLEVEL_HIGH in HRTIMER HRTIM_OUTPUTFAULTLEVEL_HIGHZ is applicable
2023-10-08 00:04:47,226 [INFO] Rule:214 - rule Rename TIMER TIM_CLEARINPUTSOURCE_OCREFCLR in  TIMER TIM_CLEARINPUTSOURCE_NONE for F7 family is applicable
2023-10-08 00:04:47,226 [INFO] Rule:214 - rule FDCAN_R1 - Rename FDCAN mode Master into Classic is applicable
2023-10-08 00:04:47,226 [INFO] Rule:214 - rule FDCAN_R2 - Rename FDCAN mode Slave into Classic is applicable
2023-10-08 00:04:47,226 [INFO] Rule:214 - rule FDCAN1_R3 - if PA10.Mode=FullDuplex, add Pin PA12 is applicable
2023-10-08 00:04:47,226 [INFO] Rule:214 - rule FDCAN1_R3 - if PA9.Mode=FullDuplex, add Pin PA11 is applicable
2023-10-08 00:04:47,227 [INFO] Rule:214 - rule FDCAN1_R3 - Alternatepin_1 - if PE1.Mode=FullDuplex, add Pin PB9 is applicable
2023-10-08 00:04:47,227 [INFO] Rule:214 - rule FDCAN1_R3 - Alternatepin_1 - if PE0.Mode=FullDuplex, add Pin PB8 is applicable
2023-10-08 00:04:47,227 [INFO] Rule:214 - rule FDCAN1_R3 - Alternatepin_2 - if PD5.Mode=FullDuplex, add Pin PD1 is applicable
2023-10-08 00:04:47,227 [INFO] Rule:214 - rule FDCAN1_R3 - Alternatepin_2 - if PD4.Mode=FullDuplex, add Pin PD0 is applicable
2023-10-08 00:04:47,227 [INFO] Rule:214 - rule FDCAN1_R4 - Rename Mode FullDuplex into Enable FDCAN_TXFD for pin PA10 is applicable
2023-10-08 00:04:47,227 [INFO] Rule:214 - rule FDCAN1_R4 - Rename Mode FullDuplex into Enable FDCAN_TXFD for pin PA9 is applicable
2023-10-08 00:04:47,227 [INFO] Rule:214 - rule FDCAN1_R4 - Alternatepin_1 - Rename Mode FullDuplex into Enable FDCAN_TXFD for pin PE1 is applicable
2023-10-08 00:04:47,227 [INFO] Rule:214 - rule FDCAN1_R4 - Alternatepin_1 - Rename Mode FullDuplex into Enable FDCAN_TXFD for pin PE0 is applicable
2023-10-08 00:04:47,227 [INFO] Rule:214 - rule FDCAN1_R4 - Alternatepin_2 - Rename Mode FullDuplex into Enable FDCAN_TXFD for pin PD5 is applicable
2023-10-08 00:04:47,227 [INFO] Rule:214 - rule FDCAN1_R4 - Alternatepin_2 - Rename Mode FullDuplex into Enable FDCAN_TXFD for pin PD4 is applicable
2023-10-08 00:04:47,227 [INFO] Rule:214 - rule FDCAN2_R3 - if PD10.Mode=FullDuplex, add Pin PB13 is applicable
2023-10-08 00:04:47,228 [INFO] Rule:214 - rule FDCAN2_R3 - if PD9.Mode=FullDuplex, add Pin PB12 is applicable
2023-10-08 00:04:47,228 [INFO] Rule:214 - rule FDCAN2_R3 - Alternatepin_1 - if PB7.Mode=FullDuplex, add Pin PB6 is applicable
2023-10-08 00:04:47,228 [INFO] Rule:214 - rule FDCAN2_R3 - Alternatepin_1 - if PD9.Mode=FullDuplex, add Pin PB12 is applicable
2023-10-08 00:04:47,228 [INFO] Rule:214 - rule FDCAN2_R4 - Rename Mode FullDuplex into Enable FDCAN_TXFD for pin PD10 is applicable
2023-10-08 00:04:47,228 [INFO] Rule:214 - rule FDCAN2_R4 - Rename Mode FullDuplex into Enable FDCAN_TXFD for pin PD9 is applicable
2023-10-08 00:04:47,228 [INFO] Rule:214 - rule FDCAN2_R4 - Alternatepin_1 - Rename Mode FullDuplex into Enable FDCAN_TXFD for pin PB7 is applicable
2023-10-08 00:04:47,228 [INFO] Rule:214 - rule FDCAN2_R4 - Alternatepin_1 - Rename Mode FullDuplex into Enable FDCAN_TXFD for pin PD6 is applicable
2023-10-08 00:04:47,228 [INFO] Rule:214 - rule USART TxPinLevelInvertParam Mode is applicable
2023-10-08 00:04:47,228 [INFO] Rule:214 - rule USART RxPinLevelInvertParam Mode is applicable
2023-10-08 00:04:47,228 [INFO] Rule:214 - rule USART DataInvertParam Mode is applicable
2023-10-08 00:04:47,228 [INFO] Rule:214 - rule USART SwapParam Mode is applicable
2023-10-08 00:04:47,229 [INFO] Rule:214 - rule USART OverrunDisableParam Mode is applicable
2023-10-08 00:04:47,229 [INFO] Rule:214 - rule USART DMADisableonRxErrorParam Mode is applicable
2023-10-08 00:04:47,229 [INFO] Rule:214 - rule USART MSBFirstParam Mode is applicable
2023-10-08 00:04:47,229 [INFO] Rule:214 - rule Update MwName for USB_DEVICE is applicable
2023-10-08 00:04:47,229 [INFO] Rule:214 - rule Change PWR_Regulator_Voltage_Scale Default Value for RCC  H7 family is applicable
2023-10-08 00:04:47,229 [INFO] Rule:214 - rule UART/USART IPParameter rename Prescaler parameter to ClockPrescaler is applicable
2023-10-08 00:04:47,229 [INFO] Rule:214 - rule UART/USART Prescaler rename Prescaler parameter to ClockPrescaler is applicable
2023-10-08 00:04:47,229 [INFO] Rule:214 - rule TIM1CLockSelection is applicable
2023-10-08 00:04:47,229 [INFO] Rule:214 - rule TIM15CLockSelection is applicable
2023-10-08 00:04:47,229 [INFO] Rule:214 - rule align RCC SDMMC3CLockSelection default value on MP1 is applicable
2023-10-08 00:04:47,229 [INFO] Rule:214 - rule align RCC SDMMC12CLockSelection default value on MP1 is applicable
2023-10-08 00:04:47,230 [INFO] Rule:214 - rule align RCC QSPICLockSelection default value on MP1 is applicable
2023-10-08 00:04:47,230 [INFO] Rule:214 - rule align RCC QSPICLockSelection default value on MP1 is applicable
2023-10-08 00:04:47,230 [INFO] Rule:214 - rule align RCC SPI6CLockSelection default value on MP1 is applicable
2023-10-08 00:04:47,230 [INFO] Rule:214 - rule align RCC LPTIM23CLockSelection default value on MP1 is applicable
2023-10-08 00:04:47,230 [INFO] Rule:214 - rule align RCC LPTIM1CLockSelection default value on MP1 is applicable
2023-10-08 00:04:47,230 [INFO] Rule:214 - rule align RCC USART1CLockSelection default value on MP1 is applicable
2023-10-08 00:04:47,230 [INFO] Rule:214 - rule align RCC USART24CLockSelection default value on MP1 is applicable
2023-10-08 00:04:47,230 [INFO] Rule:214 - rule align RCC USART6CLockSelection default value on MP1 is applicable
2023-10-08 00:04:47,230 [INFO] Rule:214 - rule align RCC UART78CLockSelection default value on MP1 is applicable
2023-10-08 00:04:47,230 [INFO] Rule:214 - rule align RCC USART35CLockSelection default value on MP1 is applicable
2023-10-08 00:04:47,230 [INFO] Rule:214 - rule align RCC SPI45CLockSelection default value on MP1 is applicable
2023-10-08 00:04:47,230 [INFO] Rule:214 - rule align RCC I2C46CLockSelection BCLK value on MP1 is applicable
2023-10-08 00:04:47,231 [INFO] Rule:214 - rule align RCC SPI45CLockSelection default value on MP1 is applicable
2023-10-08 00:04:47,231 [INFO] Rule:214 - rule align RCC I2C12CLockSelection default value on MP1 is applicable
2023-10-08 00:04:47,231 [INFO] Rule:214 - rule align RCC I2C35CLockSelection default value on MP1 is applicable
2023-10-08 00:04:47,231 [INFO] Rule:214 - rule align RCC LPTIM45CLockSelection default value on MP1 is applicable
2023-10-08 00:04:47,231 [INFO] Rule:214 - rule Rename DCMI PIXCK signal is applicable
2023-10-08 00:04:47,231 [INFO] Rule:214 - rule Change Default Value for I2C46CLockSelection MP1 family is applicable
2023-10-08 00:04:47,231 [INFO] Rule:214 - rule Change Default Value for UART for G4, G0 and WB families is applicable
2023-10-08 00:04:47,231 [INFO] Rule:214 - rule Change Default Value for USART for G4, G0 and WB families is applicable
2023-10-08 00:04:47,231 [INFO] Rule:214 - rule Change Default Value for USART for G4 family is applicable
2023-10-08 00:04:47,231 [INFO] Rule:214 - rule Change USART1CLockSelection refparam name for MP1 is applicable
2023-10-08 00:04:47,231 [INFO] Rule:214 - rule Change USART2CLockSelection refparam name for MP1 is applicable
2023-10-08 00:04:47,232 [INFO] Rule:214 - rule Change USART3CLockSelection refparam name for MP1 is applicable
2023-10-08 00:04:47,232 [INFO] Rule:214 - rule Change UART4CLockSelection refparam name for MP1 is applicable
2023-10-08 00:04:47,232 [INFO] Rule:214 - rule Change UART5CLockSelection refparam name for MP1 is applicable
2023-10-08 00:04:47,232 [INFO] Rule:214 - rule Change LPUART1CLockSelection refparam name for MP1 is applicable
2023-10-08 00:04:47,232 [INFO] Rule:214 - rule Change LPTIM1CLockSelection refparam name for MP1 is applicable
2023-10-08 00:04:47,232 [INFO] Rule:214 - rule Change LPTIM2CLockSelection refparam name for MP1 is applicable
2023-10-08 00:04:47,232 [INFO] Rule:214 - rule Change RCC_MCO1Source refparam name for MP1 is applicable
2023-10-08 00:04:47,232 [INFO] Rule:214 - rule Change LSCOSource1 refparam name for MP1 is applicable
2023-10-08 00:04:47,232 [INFO] Rule:214 - rule Change SMPSCLockSelection refparam name for MP1 is applicable
2023-10-08 00:04:47,232 [INFO] Rule:214 - rule Change LPTIM3CLockSelection refparam name for MP1 is applicable
2023-10-08 00:04:47,233 [INFO] Rule:214 - rule Change MPCBB* Default Template Mode to Parameters is applicable
2023-10-08 00:04:47,233 [INFO] Rule:214 - rule Change MPCWM* or MPCBB* Secure Mode to Parameters is applicable
2023-10-08 00:04:47,233 [INFO] Rule:214 - rule Change MPCWM* or MPCBB* No Secure Mode to Parameters is applicable
2023-10-08 00:04:47,233 [INFO] Rule:214 - rule Change TZSC IP Secure Mode to Parameters is applicable
2023-10-08 00:04:47,233 [INFO] Rule:214 - rule Change TZSC IP No Secure Mode to Parameters is applicable
2023-10-08 00:04:47,233 [INFO] Rule:214 - rule Change TZSC IP Privilege Mode to Parameters is applicable
2023-10-08 00:04:47,233 [INFO] Rule:214 - rule Change TZSC IP No Privilege Mode to Parameters is applicable
2023-10-08 00:04:47,233 [INFO] Rule:214 - rule Change TZIC IT Secure Mode to Parameters is applicable
2023-10-08 00:04:47,233 [INFO] Rule:214 - rule Change TZIC IT No Secure Mode to Parameters is applicable
2023-10-08 00:04:47,233 [INFO] Rule:214 - rule Add MPCBB1_NonSecureArea_Start_Address value with referenced to MPCBB1_NonSecureArea_Start value is applicable
2023-10-08 00:04:47,233 [INFO] Rule:214 - rule Add MPCBB2_NonSecureArea_Start_Address value with referenced to MPCBB2_NonSecureArea_Start value is applicable
2023-10-08 00:04:47,234 [INFO] Rule:214 - rule Add MPCWM1_NonSecureArea*_Start_Address value with referenced to MPCWM1_NonSecureArea*_Start value is applicable
2023-10-08 00:04:47,234 [INFO] Rule:214 - rule Add MPCWM2_NonSecureArea*_Start_Address value with referenced to MPCWM2_NonSecureArea*_Start value is applicable
2023-10-08 00:04:47,234 [INFO] Rule:214 - rule Add MPCWM3_NonSecureArea_Start_Address value with referenced to MPCWM3_NonSecureArea_Start value is applicable
2023-10-08 00:04:47,234 [INFO] Rule:214 - rule Change Default Value for PLL1UserDefinedConfig is applicable
2023-10-08 00:04:47,234 [INFO] Rule:214 - rule Change GPIO_PuPd Default Value for USART in async mode is applicable
2023-10-08 00:04:47,234 [INFO] Rule:214 - rule Change SMPSDivider Default Value is applicable
2023-10-08 00:04:47,234 [INFO] Rule:214 - rule OPAMP is applicable
2023-10-08 00:04:47,234 [INFO] Rule:214 - rule LPUART IPParameter rename Prescaler parameter to ClockPrescaler for STM32H7 is applicable
2023-10-08 00:04:47,234 [INFO] Rule:214 - rule LPUART IPParameter rename Prescaler parameter to ClockPrescaler for STM32H7 is applicable
2023-10-08 00:04:47,234 [INFO] Rule:214 - rule LPUART IPParameter rename Prescaler parameter to ClockPrescaler for STM32WB is applicable
2023-10-08 00:04:47,235 [INFO] Rule:214 - rule LPUART IPParameter rename Prescaler parameter to ClockPrescaler for STM32WB is applicable
2023-10-08 00:04:47,235 [INFO] Rule:214 - rule LPUART IPParameter rename Prescaler parameter to ClockPrescaler for STM32G4 is applicable
2023-10-08 00:04:47,235 [INFO] Rule:214 - rule LPUART IPParameter rename Prescaler parameter to ClockPrescaler for STM32G4 is applicable
2023-10-08 00:04:47,235 [INFO] Rule:214 - rule LPUART IPParameter rename Prescaler parameter to ClockPrescaler for STM32L5 is applicable
2023-10-08 00:04:47,235 [INFO] Rule:214 - rule LPUART IPParameter rename Prescaler parameter to ClockPrescaler for STM32G4 is applicable
2023-10-08 00:04:47,235 [INFO] Rule:214 - rule LPUART IPParameter rename Prescaler parameter to ClockPrescaler for STM32G4 is applicable
2023-10-08 00:04:47,235 [INFO] Rule:214 - rule USB device lib V2.5.3 for L0 rename USBD_SUPPORT_USER_STRING parameter to USBD_SUPPORT_USER_STRING_DESC4 is applicable
2023-10-08 00:04:47,235 [INFO] Rule:214 - rule I2SCLockSelection clock entry align is applicable
2023-10-08 00:04:47,235 [INFO] Rule:214 - rule Assign TIMx context if used as SYS timebase is applicable
2023-10-08 00:04:47,246 [INFO] DbConfProperties:294 - Apply Compatibility (46/202 Rules)
2023-10-08 00:04:47,287 [INFO] ImportTextPane:162 - (OptionalMessage_ERROR) Unable to find key (Mcu.ThirdPartyNb) in loaded IOC file
2023-10-08 00:04:47,413 [WARN] ApiManager:294 - Cannot register API 'Board Extension:GNSS1A1' from pack STMicroelectronics.X-CUBE-GNSS1.6.0.0: no header file found
2023-10-08 00:04:47,413 [WARN] ApiManager:294 - Cannot register API 'Board Support:Custom' from pack STMicroelectronics.X-CUBE-GNSS1.6.0.0: no header file found
2023-10-08 00:04:47,413 [WARN] ApiManager:294 - Cannot register API 'Data Exchange:lib_gnss' from pack STMicroelectronics.X-CUBE-GNSS1.6.0.0: no header file found
2023-10-08 00:04:47,422 [WARN] ApiManager:294 - Cannot register API 'Wireless:BlueNRG-MS' from pack STMicroelectronics.X-CUBE-BLE1.7.0.0: no header file found
2023-10-08 00:04:47,425 [WARN] ModelIntegratedComponent:51 - No mode defined for component null
2023-10-08 00:04:47,425 [WARN] ModelIntegratedComponent:51 - No mode defined for component null
2023-10-08 00:04:47,426 [WARN] ModelIntegratedComponent:51 - No mode defined for component null
2023-10-08 00:04:47,426 [WARN] ModelIntegratedComponent:51 - No mode defined for component null
2023-10-08 00:04:47,426 [WARN] ModelIntegratedComponent:51 - No mode defined for component null
2023-10-08 00:04:47,426 [WARN] ModelIntegratedComponent:51 - No mode defined for component null
2023-10-08 00:04:47,426 [WARN] ModelIntegratedComponent:51 - No mode defined for component null
2023-10-08 00:04:47,426 [WARN] ModelIntegratedComponent:51 - No mode defined for component null
2023-10-08 00:04:47,426 [WARN] ModelIntegratedComponent:51 - No mode defined for component null
2023-10-08 00:04:47,427 [WARN] ModelIntegratedComponent:51 - No mode defined for component null
2023-10-08 00:04:47,427 [WARN] ModelIntegratedComponent:51 - No mode defined for component null
2023-10-08 00:04:47,427 [WARN] ModelIntegratedComponent:51 - No mode defined for component null
2023-10-08 00:04:47,427 [WARN] ModelIntegratedComponent:51 - No mode defined for component null
2023-10-08 00:04:47,427 [WARN] ModelIntegratedComponent:51 - No mode defined for component null
2023-10-08 00:04:47,427 [WARN] ModelIntegratedComponent:51 - No mode defined for component null
2023-10-08 00:04:47,427 [WARN] ModelIntegratedComponent:51 - No mode defined for component null
2023-10-08 00:04:47,427 [WARN] ModelIntegratedComponent:51 - No mode defined for component null
2023-10-08 00:04:47,427 [WARN] ModelIntegratedComponent:51 - No mode defined for component null
2023-10-08 00:04:47,427 [WARN] ModelIntegratedComponent:51 - No mode defined for component null
2023-10-08 00:04:47,428 [WARN] ModelIntegratedComponent:51 - No mode defined for component null
2023-10-08 00:04:47,428 [WARN] ModelIntegratedComponent:51 - No mode defined for component null
2023-10-08 00:04:47,428 [WARN] ModelIntegratedComponent:51 - No mode defined for component null
2023-10-08 00:04:47,428 [WARN] ModelIntegratedComponent:51 - No mode defined for component null
2023-10-08 00:04:47,428 [WARN] ModelIntegratedComponent:51 - No mode defined for component null
2023-10-08 00:04:47,428 [WARN] ModelIntegratedComponent:51 - No mode defined for component null
2023-10-08 00:04:47,428 [WARN] ModelIntegratedComponent:51 - No mode defined for component null
2023-10-08 00:04:47,428 [WARN] ModelIntegratedComponent:51 - No mode defined for component null
2023-10-08 00:04:47,432 [WARN] ApiManager:294 - Cannot register API 'Board Extension:NFC07A1' from pack STMicroelectronics.X-CUBE-NFC7.1.0.1: no header file found
2023-10-08 00:04:47,444 [WARN] ApiManager:294 - Cannot register API 'Board Extension:NFC06A1' from pack STMicroelectronics.X-CUBE-NFC6.3.0.0: no header file found
2023-10-08 00:04:47,444 [WARN] ApiManager:294 - Cannot register API 'Board Extension:NFC08A1' from pack STMicroelectronics.X-CUBE-NFC6.3.0.0: no header file found
2023-10-08 00:04:47,446 [WARN] ApiManager:294 - Cannot register API 'Board Extension:EEPRMA1' from pack STMicroelectronics.X-CUBE-EEPRMA1.4.1.0: no header file found
2023-10-08 00:04:47,446 [WARN] ApiManager:294 - Cannot register API 'Board Extension:EEPRMA2' from pack STMicroelectronics.X-CUBE-EEPRMA1.4.1.0: no header file found
2023-10-08 00:04:47,446 [WARN] ApiManager:294 - Cannot register API 'Board Extension:PGEEZ1' from pack STMicroelectronics.X-CUBE-EEPRMA1.4.1.0: no header file found
2023-10-08 00:04:47,446 [WARN] ApiManager:294 - Cannot register API 'Board Part:M24' from pack STMicroelectronics.X-CUBE-EEPRMA1.4.1.0: no header file found
2023-10-08 00:04:47,446 [WARN] ApiManager:294 - Cannot register API 'Board Part:M95' from pack STMicroelectronics.X-CUBE-EEPRMA1.4.1.0: no header file found
2023-10-08 00:04:47,446 [WARN] ApiManager:294 - Cannot register API 'Board Part:M95P32' from pack STMicroelectronics.X-CUBE-EEPRMA1.4.1.0: no header file found
2023-10-08 00:04:47,446 [WARN] ApiManager:294 - Cannot register API 'PGEEZ1:SPI' from pack STMicroelectronics.X-CUBE-EEPRMA1.4.1.0: no header file found
2023-10-08 00:04:47,446 [WARN] ApiManager:294 - Cannot register API 'PGEEZ1:QDSPI' from pack STMicroelectronics.X-CUBE-EEPRMA1.4.1.0: no header file found
2023-10-08 00:04:47,605 [WARN] ApiManager:294 - Cannot register API 'Board Extension:IKS01A3' from pack STMicroelectronics.X-CUBE-MEMS1.9.6.0: no header file found
2023-10-08 00:04:47,605 [WARN] ApiManager:294 - Cannot register API 'Board Extension:IKS01A2' from pack STMicroelectronics.X-CUBE-MEMS1.9.6.0: no header file found
2023-10-08 00:04:47,605 [WARN] ApiManager:294 - Cannot register API 'Board Extension:IKS02A1' from pack STMicroelectronics.X-CUBE-MEMS1.9.6.0: no header file found
2023-10-08 00:04:47,630 [INFO] RtosManager:470 - Registered RTOS mode: class=CMSIS, group=RTOS, mode=CMSIS_V1, owner=FREERTOS
2023-10-08 00:04:47,630 [INFO] RtosManager:470 - Registered RTOS mode: class=CMSIS, group=RTOS2, mode=CMSIS_V2, owner=FREERTOS
2023-10-08 00:04:47,630 [INFO] RtosManager:470 - Registered RTOS mode: class=RTOS, group=Core, mode=CMSIS_V1, owner=FREERTOS
2023-10-08 00:04:47,631 [INFO] RtosManager:470 - Registered RTOS mode: class=RTOS, group=Core, mode=CMSIS_V2, owner=FREERTOS
2023-10-08 00:04:47,631 [WARN] ModelIntegratedComponent:182 - Missing modes for component STMicroelectronics:FreeRTOS:0.0.1:STMicroelectronics:RTOS:FreeRTOS:Core:::10.2.0:
2023-10-08 00:04:47,633 [WARN] ApiManager:294 - Cannot register API 'Board Extension:NFC04A1' from pack STMicroelectronics.X-CUBE-NFC4.3.0.0: no header file found
2023-10-08 00:04:47,637 [WARN] ApiManager:294 - Cannot register API 'Board Extension:S2868A1' from pack STMicroelectronics.X-CUBE-SUBG2.5.0.0: no header file found
2023-10-08 00:04:47,637 [WARN] ApiManager:294 - Cannot register API 'Board Extension:S2868A2' from pack STMicroelectronics.X-CUBE-SUBG2.5.0.0: no header file found
2023-10-08 00:04:47,637 [WARN] ApiManager:294 - Cannot register API 'Board Extension:S2915A1' from pack STMicroelectronics.X-CUBE-SUBG2.5.0.0: no header file found
2023-10-08 00:04:47,641 [WARN] ApiManager:294 - Cannot register API 'Board Extension:S2868A1' from pack STMicroelectronics.X-CUBE-SFXS2LP1.4.0.0: no header file found
2023-10-08 00:04:47,641 [WARN] ApiManager:294 - Cannot register API 'Board Extension:S2868A2' from pack STMicroelectronics.X-CUBE-SFXS2LP1.4.0.0: no header file found
2023-10-08 00:04:47,642 [WARN] ApiManager:294 - Cannot register API 'Board Extension:S2915A1' from pack STMicroelectronics.X-CUBE-SFXS2LP1.4.0.0: no header file found
2023-10-08 00:04:47,643 [WARN] ApiManager:294 - Cannot register API 'Wireless:BlueNRG-2' from pack STMicroelectronics.X-CUBE-BLE2.3.3.0: no header file found
2023-10-08 00:04:48,506 [INFO] ImportTextPane:162 - (OptionalMessage_ERROR) IP (RCC) : Invalid parameter (FamilyName)
2023-10-08 00:04:48,510 [INFO] ImportTextPane:162 - (OptionalMessage_ERROR) IP (RCC) : Parameter (RNGFreq_Value) has invalid value (64000000)
2023-10-08 00:04:48,510 [INFO] ImportTextPane:162 - (OptionalMessage_ERROR) IP (RCC) : Parameter (SDMMCFreq_Value) has invalid value (64000000)
2023-10-08 00:04:48,511 [INFO] ImportTextPane:162 - (OptionalMessage_ERROR) IP (RCC) : Parameter (USBFreq_Value) has invalid value (64000000)
2023-10-08 00:04:48,787 [INFO] UtilMem:74 - End LoadConfig() Used Memory: 669920720 Bytes (804257792)
2023-10-08 00:04:48,813 [WARN] ThirdParty:762 - waiting for thirdparty lock release [change project]
2023-10-08 00:04:48,813 [INFO] ThirdParty:764 - entering critical section [change project]
2023-10-08 00:04:48,813 [INFO] ThirdParty:952 - CMSIS Pack Vendor :STMicroelectronics X-CUBE-ISPU 1.1.0
2023-10-08 00:04:48,813 [INFO] ThirdParty:952 - CMSIS Pack Vendor :STMicroelectronics X-CUBE-GNSS1 6.0.0
2023-10-08 00:04:48,813 [INFO] ThirdParty:952 - CMSIS Pack Vendor :STMicroelectronics USB_HOST 2.0.0
2023-10-08 00:04:48,814 [INFO] ThirdParty:952 - CMSIS Pack Vendor :STMicroelectronics X-CUBE-AZRTOS-F4 1.1.0
2023-10-08 00:04:48,814 [INFO] ThirdParty:952 - CMSIS Pack Vendor :STMicroelectronics X-CUBE-BLE1 7.0.0
2023-10-08 00:04:48,814 [INFO] ThirdParty:952 - CMSIS Pack Vendor :STMicroelectronics FP-ATR-SIGFOX1 3.2.0
2023-10-08 00:04:48,814 [INFO] ThirdParty:952 - CMSIS Pack Vendor :wolfSSL I-CUBE-wolfSSL 5.6.3
2023-10-08 00:04:48,814 [INFO] ThirdParty:952 - CMSIS Pack Vendor :STMicroelectronics USB_DEVICE 3.0.0
2023-10-08 00:04:48,814 [INFO] ThirdParty:952 - CMSIS Pack Vendor :STMicroelectronics HAL Drivers 0.0.0
2023-10-08 00:04:48,814 [INFO] ThirdParty:952 - CMSIS Pack Vendor :STMicroelectronics MBEDTLS 2.16.2
2023-10-08 00:04:48,814 [INFO] ThirdParty:952 - CMSIS Pack Vendor :STMicroelectronics X-CUBE-AZRTOS-WB 2.0.0
2023-10-08 00:04:48,814 [INFO] ThirdParty:952 - CMSIS Pack Vendor :STMicroelectronics X-CUBE-TOUCHGFX 4.22.0
2023-10-08 00:04:48,815 [INFO] ThirdParty:952 - CMSIS Pack Vendor :STMicroelectronics X-CUBE-NFC7 1.0.1
2023-10-08 00:04:48,815 [INFO] ThirdParty:952 - CMSIS Pack Vendor :STMicroelectronics MBEDTLS 2.14.1
2023-10-08 00:04:48,815 [INFO] ThirdParty:952 - CMSIS Pack Vendor :STMicroelectronics X-CUBE-TOUCHGFX 4.22.1
2023-10-08 00:04:48,815 [INFO] ThirdParty:952 - CMSIS Pack Vendor :STMicroelectronics X-CUBE-AZRTOS-F7 1.1.0
2023-10-08 00:04:48,815 [INFO] ThirdParty:952 - CMSIS Pack Vendor :STMicroelectronics X-CUBE-AZRTOS-L5 2.0.0
2023-10-08 00:04:48,815 [INFO] ThirdParty:952 - CMSIS Pack Vendor :STMicroelectronics X-CUBE-NFC6 3.0.0
2023-10-08 00:04:48,815 [INFO] ThirdParty:952 - CMSIS Pack Vendor :STMicroelectronics X-CUBE-EEPRMA1 4.1.0
2023-10-08 00:04:48,815 [INFO] ThirdParty:952 - CMSIS Pack Vendor :portGmbH I-Cube-SoM-uGOAL 1.1.0
2023-10-08 00:04:48,815 [INFO] ThirdParty:952 - CMSIS Pack Vendor :STMicroelectronics X-CUBE-ALS 1.0.1
2023-10-08 00:04:48,815 [INFO] ThirdParty:952 - CMSIS Pack Vendor :STMicroelectronics USB_DEVICE 2.0.0
2023-10-08 00:04:48,815 [INFO] ThirdParty:952 - CMSIS Pack Vendor :STMicroelectronics X-CUBE-MEMS1 9.6.0
2023-10-08 00:04:48,816 [INFO] ThirdParty:952 - CMSIS Pack Vendor :STMicroelectronics X-CUBE-AZRTOS-WL 2.0.0
2023-10-08 00:04:48,816 [INFO] ThirdParty:952 - CMSIS Pack Vendor :STMicroelectronics X-CUBE-ALGOBUILD 1.3.0
2023-10-08 00:04:48,816 [INFO] ThirdParty:952 - CMSIS Pack Vendor :SEGGER I-CUBE-embOS 1.3.1
2023-10-08 00:04:48,816 [INFO] ThirdParty:952 - CMSIS Pack Vendor :STMicroelectronics FreeRTOS 0.0.1
2023-10-08 00:04:48,816 [INFO] ThirdParty:952 - CMSIS Pack Vendor :STMicroelectronics X-CUBE-AZRTOS-G0 1.1.0
2023-10-08 00:04:48,816 [INFO] ThirdParty:952 - CMSIS Pack Vendor :STMicroelectronics USB_DEVICE 1.0.0
2023-10-08 00:04:48,816 [INFO] ThirdParty:952 - CMSIS Pack Vendor :STMicroelectronics X-CUBE-BLEMGR 2.0.0
2023-10-08 00:04:48,816 [INFO] ThirdParty:952 - CMSIS Pack Vendor :STMicroelectronics X-CUBE-AI 8.1.0
2023-10-08 00:04:48,816 [INFO] ThirdParty:952 - CMSIS Pack Vendor :STMicroelectronics X-CUBE-NFC4 3.0.0
2023-10-08 00:04:48,816 [INFO] ThirdParty:952 - CMSIS Pack Vendor :STMicroelectronics X-CUBE-SUBG2 5.0.0
2023-10-08 00:04:48,817 [INFO] ThirdParty:952 - CMSIS Pack Vendor :STMicroelectronics X-CUBE-AZRTOS-L4 2.0.0
2023-10-08 00:04:48,817 [INFO] ThirdParty:952 - CMSIS Pack Vendor :WES I-CUBE-Cesium 1.3.0
2023-10-08 00:04:48,817 [INFO] ThirdParty:952 - CMSIS Pack Vendor :STMicroelectronics FP-ATR-ASTRA1 2.0.0
2023-10-08 00:04:48,817 [INFO] ThirdParty:952 - CMSIS Pack Vendor :STMicroelectronics lwIP 2.1.2
2023-10-08 00:04:48,817 [INFO] ThirdParty:952 - CMSIS Pack Vendor :STMicroelectronics lwIP 2.0.3
2023-10-08 00:04:48,817 [INFO] ThirdParty:952 - CMSIS Pack Vendor :STMicroelectronics X-CUBE-SFXS2LP1 4.0.0
2023-10-08 00:04:48,818 [INFO] ThirdParty:952 - CMSIS Pack Vendor :STMicroelectronics X-CUBE-BLE2 3.3.0
2023-10-08 00:04:48,818 [INFO] ThirdParty:952 - CMSIS Pack Vendor :STMicroelectronics USB_HOST 1.0.0
2023-10-08 00:04:48,818 [INFO] ThirdParty:952 - CMSIS Pack Vendor :STMicroelectronics X-CUBE-AZRTOS-G4 2.0.0
2023-10-08 00:04:48,818 [INFO] ThirdParty:952 - CMSIS Pack Vendor :STMicroelectronics PDM2PCM 3.1.0
2023-10-08 00:04:48,818 [INFO] ThirdParty:952 - CMSIS Pack Vendor :STMicroelectronics X-CUBE-AZRTOS-H7 3.1.0
2023-10-08 00:04:48,818 [INFO] ThirdParty:952 - CMSIS Pack Vendor :STMicroelectronics PDM2PCM 3.2.0
2023-10-08 00:04:48,818 [INFO] ThirdParty:952 - CMSIS Pack Vendor :STMicroelectronics PDM2PCM 3.3.0
2023-10-08 00:04:48,819 [INFO] ThirdParty:770 - exiting critical section [change project]
2023-10-08 00:04:49,368 [INFO] PinOutPanel:1435 - setPackage(No Configuration,No Configuration)
2023-10-08 00:04:49,370 [INFO] PinOutPanel:1435 - setPackage(STM32L476RGTx,LQFP64)
2023-10-08 00:04:50,359 [INFO] UtilMem:74 - Before build in PCC Used Memory: 675261376 Bytes (804257792)
2023-10-08 00:04:50,995 [INFO] SharedServices:72 - Folder for power plug-in: /home/kacper/.stm32cubemx/plugins/power
2023-10-08 00:04:51,071 [INFO] SharedServices:72 - Folder for power plug-in: /home/kacper/.stm32cubemx/plugins/power
2023-10-08 00:04:51,286 [INFO] SharedServices:72 - Folder for power plug-in: /home/kacper/.stm32cubemx/plugins/power
2023-10-08 00:04:51,300 [INFO] SharedServices:72 - Folder for power plug-in: /home/kacper/.stm32cubemx/plugins/power
2023-10-08 00:04:51,509 [INFO] UtilMem:74 - After build in PCC Used Memory: 651373504 Bytes (804257792)
2023-10-08 00:04:51,532 [INFO] IPUIPlugin:64 - create IPUIPlugin
2023-10-08 00:04:51,532 [INFO] IPUIPlugin:64 - create IPUIPlugin
2023-10-08 00:04:51,533 [INFO] IPUIPlugin:64 - create IPUIPlugin
2023-10-08 00:04:51,533 [INFO] IPUIPlugin:64 - create IPUIPlugin
2023-10-08 00:04:51,533 [INFO] IPUIPlugin:64 - create IPUIPlugin
2023-10-08 00:04:51,533 [INFO] IPUIPlugin:64 - create IPUIPlugin
2023-10-08 00:04:51,533 [INFO] IPUIPlugin:64 - create IPUIPlugin
2023-10-08 00:04:51,534 [INFO] IPUIPlugin:64 - create IPUIPlugin
2023-10-08 00:04:51,534 [INFO] IPUIPlugin:64 - create IPUIPlugin
2023-10-08 00:04:51,534 [INFO] IPUIPlugin:64 - create IPUIPlugin
2023-10-08 00:04:51,534 [INFO] IPUIPlugin:64 - create IPUIPlugin
2023-10-08 00:04:51,534 [INFO] IPUIPlugin:64 - create IPUIPlugin
2023-10-08 00:04:51,534 [INFO] IPUIPlugin:64 - create IPUIPlugin
2023-10-08 00:04:51,535 [INFO] IPUIPlugin:64 - create IPUIPlugin
2023-10-08 00:04:51,535 [INFO] IPUIPlugin:64 - create IPUIPlugin
2023-10-08 00:04:51,535 [INFO] IPUIPlugin:64 - create IPUIPlugin
2023-10-08 00:04:51,536 [INFO] IPUIPlugin:64 - create IPUIPlugin
2023-10-08 00:04:51,536 [INFO] IPUIPlugin:64 - create IPUIPlugin
2023-10-08 00:04:51,536 [INFO] IPUIPlugin:64 - create IPUIPlugin
2023-10-08 00:04:51,537 [INFO] IPUIPlugin:64 - create IPUIPlugin
2023-10-08 00:04:51,537 [INFO] IPUIPlugin:64 - create IPUIPlugin
2023-10-08 00:04:51,537 [INFO] IPUIPlugin:64 - create IPUIPlugin
2023-10-08 00:04:51,537 [INFO] IPUIPlugin:64 - create IPUIPlugin
2023-10-08 00:04:51,537 [INFO] IPUIPlugin:64 - create IPUIPlugin
2023-10-08 00:04:51,537 [INFO] IPUIPlugin:64 - create IPUIPlugin
2023-10-08 00:04:51,538 [INFO] IPUIPlugin:64 - create IPUIPlugin
2023-10-08 00:04:51,538 [INFO] IPUIPlugin:64 - create IPUIPlugin
2023-10-08 00:04:51,538 [INFO] IPUIPlugin:64 - create IPUIPlugin
2023-10-08 00:04:51,539 [INFO] IPUIPlugin:64 - create IPUIPlugin
2023-10-08 00:04:51,539 [INFO] IPUIPlugin:64 - create IPUIPlugin
2023-10-08 00:04:51,539 [INFO] IPUIPlugin:64 - create IPUIPlugin
2023-10-08 00:04:51,540 [INFO] IPUIPlugin:64 - create IPUIPlugin
2023-10-08 00:04:51,540 [INFO] IPUIPlugin:64 - create IPUIPlugin
2023-10-08 00:04:51,540 [INFO] IPUIPlugin:64 - create IPUIPlugin
2023-10-08 00:04:51,541 [INFO] IPUIPlugin:64 - create IPUIPlugin
2023-10-08 00:04:51,541 [INFO] IPUIPlugin:64 - create IPUIPlugin
2023-10-08 00:04:51,541 [INFO] IPUIPlugin:64 - create IPUIPlugin
2023-10-08 00:04:51,541 [INFO] IPUIPlugin:64 - create IPUIPlugin
2023-10-08 00:04:51,541 [INFO] IPUIPlugin:64 - create IPUIPlugin
2023-10-08 00:04:51,541 [INFO] IPUIPlugin:64 - create IPUIPlugin
2023-10-08 00:04:51,541 [INFO] IPUIPlugin:64 - create IPUIPlugin
2023-10-08 00:04:51,542 [INFO] IPUIPlugin:64 - create IPUIPlugin
2023-10-08 00:04:51,542 [INFO] IPUIPlugin:64 - create IPUIPlugin
2023-10-08 00:04:51,542 [INFO] IPUIPlugin:64 - create IPUIPlugin
2023-10-08 00:04:51,542 [INFO] IPUIPlugin:64 - create IPUIPlugin
2023-10-08 00:04:51,542 [INFO] IPUIPlugin:64 - create IPUIPlugin
2023-10-08 00:04:51,542 [INFO] IPUIPlugin:64 - create IPUIPlugin
2023-10-08 00:04:51,542 [INFO] IPUIPlugin:64 - create IPUIPlugin
2023-10-08 00:04:51,543 [INFO] IPUIPlugin:64 - create IPUIPlugin
2023-10-08 00:04:51,543 [INFO] IPUIPlugin:64 - create IPUIPlugin
2023-10-08 00:04:51,543 [INFO] IPUIPlugin:64 - create IPUIPlugin
2023-10-08 00:04:51,543 [INFO] IPUIPlugin:64 - create IPUIPlugin
2023-10-08 00:04:51,543 [INFO] IPUIPlugin:64 - create IPUIPlugin
2023-10-08 00:04:51,543 [INFO] IPUIPlugin:64 - create IPUIPlugin
2023-10-08 00:04:51,544 [INFO] IPUIPlugin:64 - create IPUIPlugin
2023-10-08 00:04:51,544 [INFO] IPUIPlugin:64 - create IPUIPlugin
2023-10-08 00:04:51,545 [INFO] IPUIPlugin:64 - create IPUIPlugin
2023-10-08 00:04:51,545 [INFO] IPUIPlugin:64 - create IPUIPlugin
2023-10-08 00:04:51,545 [INFO] IPUIPlugin:64 - create IPUIPlugin
2023-10-08 00:04:51,630 [INFO] LogOutputStream:76 - [STDOUT_REDIRECT] toolchainItems.length=====1
2023-10-08 00:04:51,742 [INFO] OpenFileManager:323 - Restore cursor
2023-10-08 00:04:52,241 [INFO] UtilMem:74 - End SaveConfig() Used Memory: 619472128 Bytes (804257792)
2023-10-08 00:04:52,328 [INFO] UtilMem:74 - End SaveConfig() Used Memory: 628382976 Bytes (804257792)
2023-10-08 00:04:52,941 [INFO] BlockDiagram:2735 - set Specific Code input for plugin: SYS
2023-10-08 00:04:52,941 [INFO] BlockDiagram:2735 - set Specific Code input for plugin: RCC
2023-10-08 00:04:52,941 [INFO] BlockDiagram:2735 - set Specific Code input for plugin: NVIC
2023-10-08 00:04:52,941 [INFO] BlockDiagram:2735 - set Specific Code input for plugin: USART
2023-10-08 00:04:52,942 [INFO] BlockDiagram:2735 - set Specific Code input for plugin: GPIO
2023-10-08 00:04:52,942 [INFO] CodeGenerator:641 - code generatio: config db path: /opt/st/stm32cubeide_1.6.0/plugins/com.st.stm32cube.common.mx_6.2.0.202102191602//db/
2023-10-08 00:04:53,494 [INFO] CodeEngine:229 - oldGeneratedFile, /home/kacper/Desktop/Projekty/Qt/Qt_Weather_Station/weather_station/MXTmpFiles/license.tmp_save
2023-10-08 00:04:53,971 [INFO] CodeEngine:247 - Generated code: /home/kacper/Desktop/Projekty/Qt/Qt_Weather_Station/weather_station/MXTmpFiles/license.tmp
2023-10-08 00:04:54,172 [INFO] CodeEngine:229 - oldGeneratedFile, /home/kacper/Desktop/Projekty/Qt/Qt_Weather_Station/weather_station/MXTmpFiles/gpio.tmp_save
2023-10-08 00:04:54,321 [INFO] CodeEngine:247 - Generated code: /home/kacper/Desktop/Projekty/Qt/Qt_Weather_Station/weather_station/MXTmpFiles/gpio.tmp
2023-10-08 00:04:54,611 [INFO] LogOutputStream:76 - [STDOUT_REDIRECT] Command line
2023-10-08 00:04:54,632 [INFO] CodeEngine:229 - oldGeneratedFile, /home/kacper/Desktop/Projekty/Qt/Qt_Weather_Station/weather_station/Core/Src/stm32l4xx_it.c_save
2023-10-08 00:04:54,759 [INFO] CodeEngine:247 - Generated code: /home/kacper/Desktop/Projekty/Qt/Qt_Weather_Station/weather_station/Core/Src/stm32l4xx_it.c
2023-10-08 00:04:54,764 [INFO] CodeEngine:229 - oldGeneratedFile, /home/kacper/Desktop/Projekty/Qt/Qt_Weather_Station/weather_station/Core/Inc/stm32l4xx_it.h_save
2023-10-08 00:04:54,849 [INFO] CodeEngine:247 - Generated code: /home/kacper/Desktop/Projekty/Qt/Qt_Weather_Station/weather_station/Core/Inc/stm32l4xx_it.h
2023-10-08 00:04:54,869 [INFO] CodeEngine:229 - oldGeneratedFile, /home/kacper/Desktop/Projekty/Qt/Qt_Weather_Station/weather_station/Core/Src/stm32l4xx_hal_msp.c_save
2023-10-08 00:04:54,998 [INFO] CodeEngine:247 - Generated code: /home/kacper/Desktop/Projekty/Qt/Qt_Weather_Station/weather_station/Core/Src/stm32l4xx_hal_msp.c
2023-10-08 00:04:55,000 [INFO] CodeEngine:229 - oldGeneratedFile, /home/kacper/Desktop/Projekty/Qt/Qt_Weather_Station/weather_station/MXTmpFiles/system.tmp_save
2023-10-08 00:04:55,057 [INFO] CodeEngine:247 - Generated code: /home/kacper/Desktop/Projekty/Qt/Qt_Weather_Station/weather_station/MXTmpFiles/system.tmp
2023-10-08 00:04:55,059 [INFO] CodeEngine:229 - oldGeneratedFile, /home/kacper/Desktop/Projekty/Qt/Qt_Weather_Station/weather_station/Core/Inc/stm32l4xx_hal_conf.h_save
2023-10-08 00:04:55,142 [INFO] CodeEngine:247 - Generated code: /home/kacper/Desktop/Projekty/Qt/Qt_Weather_Station/weather_station/Core/Inc/stm32l4xx_hal_conf.h
2023-10-08 00:04:55,219 [INFO] CodeEngine:229 - oldGeneratedFile, /home/kacper/Desktop/Projekty/Qt/Qt_Weather_Station/weather_station/Core/Inc/main.h_save
2023-10-08 00:04:55,300 [INFO] CodeEngine:247 - Generated code: /home/kacper/Desktop/Projekty/Qt/Qt_Weather_Station/weather_station/Core/Inc/main.h
2023-10-08 00:04:55,306 [INFO] CodeEngine:229 - oldGeneratedFile, /home/kacper/Desktop/Projekty/Qt/Qt_Weather_Station/weather_station/Core/Src/main.c_save
2023-10-08 00:04:55,446 [INFO] CodeEngine:247 - Generated code: /home/kacper/Desktop/Projekty/Qt/Qt_Weather_Station/weather_station/Core/Src/main.c
2023-10-08 00:04:56,702 [INFO] ProjectBuilder:2460 - Time for Copy HAL[1] : 484mS.
2023-10-08 00:04:56,718 [INFO] ProjectBuilder:3418 - Project Generator version: 3.13.0-B3
2023-10-08 00:04:57,171 [INFO] ConfigFileManager:1242 - The Die is : DIE415
2023-10-08 00:04:57,201 [INFO] ApiDbMcu:458 - Load IP Config File for FATFS
2023-10-08 00:04:57,262 [INFO] ApiDbMcu:458 - Load IP Config File for FREERTOS
2023-10-08 00:04:57,478 [INFO] ApiDbMcu:458 - Load IP Config File for TOUCHSENSING
2023-10-08 00:04:57,531 [INFO] ApiDbMcu:458 - Load IP Config File for USB_DEVICE
2023-10-08 00:04:57,555 [INFO] ApiDbMcu:458 - Load IP Config File for USB_HOST
2023-10-08 00:05:07,374 [INFO] ProjectBuilder:3584 - Time for Generating toolchain IDE Files: 10656mS.
2023-10-08 00:05:07,374 [INFO] ProjectBuilder:2339 - Time for Copy CMSIS : 0mS.
2023-10-08 00:05:07,375 [INFO] ProjectBuilder:2339 - Time for Copy CMSIS : 0mS.
2023-10-08 00:05:07,822 [INFO] ApiDb:276 - Save user favorites file /home/kacper/.stm32cubeide/favorites.mcus.txt: 0 item(s)
2023-10-08 00:05:07,822 [INFO] ApiDb:280 - User favorites MCUs=[]
2023-10-08 00:05:07,823 [INFO] ApiDb:276 - Save user favorites file /home/kacper/.stm32cubeide/favorites.boards.txt: 3 item(s)
2023-10-08 00:05:07,823 [INFO] ApiDb:280 - User favorites Boards=[NUCLEO-G071RB, NUCLEO-L476RG, STM32F411E-DISCO]
